Received signal 11:
0 maomao(+0x1f837) [0x5d38c0cf8837]
1 /usr/lib/libc.so.6(+0x3d1d0) [0x70f2f64cb1d0]
2 /usr/lib/libc.so.6(+0x960c4) [0x70f2f65240c4]
3 /usr/lib/libgallium-24.3.4-arch1.1.so(+0x5129b7) [0x70f2f37129b7]
4 /usr/lib/libgallium-24.3.4-arch1.1.so(+0x4dd558) [0x70f2f36dd558]
5 /usr/lib/libgallium-24.3.4-arch1.1.so(+0x4dd5ec) [0x70f2f36dd5ec]
6 /usr/lib/libc.so.6(+0x3f891) [0x70f2f64cd891]
7 /usr/lib/libc.so.6(+0x3f95e) [0x70f2f64cd95e]
8 maomao(+0x260de) [0x5d38c0cff0de]
9 maomao(+0x20da9) [0x5d38c0cf9da9]
10 maomao(+0x1af48) [0x5d38c0cf3f48]
11 maomao(+0x1b178) [0x5d38c0cf4178]
12 /usr/lib/libwayland-server.so.0(wl_signal_emit_mutable+0x7e) [0x70f2f688847e]
13 /usr/lib/libwlroots.so.12(wlr_keyboard_notify_key+0x3d) [0x70f2f67d35f0]
14 /usr/lib/libwlroots.so.12(+0x6cbfd) [0x70f2f678dbfd]
15 /usr/lib/libwlroots.so.12(+0x6c6be) [0x70f2f678d6be]
16 /usr/lib/libwlroots.so.12(+0x6b708) [0x70f2f678c708]
17 /usr/lib/libwayland-server.so.0(wl_event_loop_dispatch+0x1f2) [0x70f2f688a112]
18 /usr/lib/libwayland-server.so.0(wl_display_run+0x37) [0x70f2f688c1f7]
19 maomao(+0x1e7c0) [0x5d38c0cf77c0]
20 maomao(+0x25f81) [0x5d38c0cfef81]
21 /usr/lib/libc.so.6(+0x25e08) [0x70f2f64b3e08]
22 /usr/lib/libc.so.6(__libc_start_main+0x8c) [0x70f2f64b3ecc]
23 maomao(+0xd605) [0x5d38c0ce6605]
Received signal 11:
0 maomao(+0x1f837) [0x5d38c0cf8837]
1 /usr/lib/libc.so.6(+0x3d1d0) [0x70f2f64cb1d0]
2 /usr/lib/libc.so.6(+0x960c4) [0x70f2f65240c4]
3 /usr/lib/libgallium-24.3.4-arch1.1.so(+0x5129b7) [0x70f2f37129b7]
4 /usr/lib/libgallium-24.3.4-arch1.1.so(+0x4dd558) [0x70f2f36dd558]
5 /usr/lib/libgallium-24.3.4-arch1.1.so(+0x4dd5ec) [0x70f2f36dd5ec]
6 /usr/lib/libc.so.6(+0x3f891) [0x70f2f64cd891]
7 /usr/lib/libc.so.6(+0x3f95e) [0x70f2f64cd95e]
8 maomao(+0x260de) [0x5d38c0cff0de]
9 maomao(+0x20da9) [0x5d38c0cf9da9]
10 maomao(+0x1af48) [0x5d38c0cf3f48]
11 maomao(+0x1b178) [0x5d38c0cf4178]
12 /usr/lib/libwayland-server.so.0(wl_signal_emit_mutable+0x7e) [0x70f2f688847e]
13 /usr/lib/libwlroots.so.12(wlr_keyboard_notify_key+0x3d) [0x70f2f67d35f0]
14 /usr/lib/libwlroots.so.12(+0x6cbfd) [0x70f2f678dbfd]
15 /usr/lib/libwlroots.so.12(+0x6c6be) [0x70f2f678d6be]
16 /usr/lib/libwlroots.so.12(+0x6b708) [0x70f2f678c708]
17 /usr/lib/libwayland-server.so.0(wl_event_loop_dispatch+0x1f2) [0x70f2f688a112]
18 /usr/lib/libwayland-server.so.0(wl_display_run+0x37) [0x70f2f688c1f7]
19 maomao(+0x1e7c0) [0x5d38c0cf77c0]
20 maomao(+0x25f81) [0x5d38c0cfef81]
21 /usr/lib/libc.so.6(+0x25e08) [0x70f2f64b3e08]
22 /usr/lib/libc.so.6(__libc_start_main+0x8c) [0x70f2f64b3ecc]
23 maomao(+0xd605) [0x5d38c0ce6605]
Received signal 11:
0 maomao(+0x1f837) [0x5d38c0cf8837]
1 /usr/lib/libc.so.6(+0x3d1d0) [0x70f2f64cb1d0]
2 /usr/lib/libc.so.6(+0x960c4) [0x70f2f65240c4]
3 /usr/lib/libgallium-24.3.4-arch1.1.so(+0x5129b7) [0x70f2f37129b7]
4 /usr/lib/libgallium-24.3.4-arch1.1.so(+0x4dd558) [0x70f2f36dd558]
5 /usr/lib/libgallium-24.3.4-arch1.1.so(+0x4dd5ec) [0x70f2f36dd5ec]
6 /usr/lib/libc.so.6(+0x3f891) [0x70f2f64cd891]
7 /usr/lib/libc.so.6(+0x3f95e) [0x70f2f64cd95e]
8 maomao(+0x260de) [0x5d38c0cff0de]
9 maomao(+0x20da9) [0x5d38c0cf9da9]
10 maomao(+0x1af48) [0x5d38c0cf3f48]
11 maomao(+0x1b178) [0x5d38c0cf4178]
12 /usr/lib/libwayland-server.so.0(wl_signal_emit_mutable+0x7e) [0x70f2f688847e]
13 /usr/lib/libwlroots.so.12(wlr_keyboard_notify_key+0x3d) [0x70f2f67d35f0]
14 /usr/lib/libwlroots.so.12(+0x6cbfd) [0x70f2f678dbfd]
15 /usr/lib/libwlroots.so.12(+0x6c6be) [0x70f2f678d6be]
16 /usr/lib/libwlroots.so.12(+0x6b708) [0x70f2f678c708]
17 /usr/lib/libwayland-server.so.0(wl_event_loop_dispatch+0x1f2) [0x70f2f688a112]
18 /usr/lib/libwayland-server.so.0(wl_display_run+0x37) [0x70f2f688c1f7]
19 maomao(+0x1e7c0) [0x5d38c0cf77c0]
20 maomao(+0x25f81) [0x5d38c0cfef81]
21 /usr/lib/libc.so.6(+0x25e08) [0x70f2f64b3e08]
22 /usr/lib/libc.so.6(__libc_start_main+0x8c) [0x70f2f64b3ecc]
23 maomao(+0xd605) [0x5d38c0ce6605]
Received signal 11:
0 maomao(+0x1f837) [0x5d38c0cf8837]
1 /usr/lib/libc.so.6(+0x3d1d0) [0x70f2f64cb1d0]
2 /usr/lib/libc.so.6(+0x960c4) [0x70f2f65240c4]
3 /usr/lib/libgallium-24.3.4-arch1.1.so(+0x5129b7) [0x70f2f37129b7]
4 /usr/lib/libgallium-24.3.4-arch1.1.so(+0x4dd558) [0x70f2f36dd558]
5 /usr/lib/libgallium-24.3.4-arch1.1.so(+0x4dd5ec) [0x70f2f36dd5ec]
6 /usr/lib/libc.so.6(+0x3f891) [0x70f2f64cd891]
7 /usr/lib/libc.so.6(+0x3f95e) [0x70f2f64cd95e]
8 maomao(+0x260de) [0x5d38c0cff0de]
9 maomao(+0x20da9) [0x5d38c0cf9da9]
10 maomao(+0x1af48) [0x5d38c0cf3f48]
11 maomao(+0x1b178) [0x5d38c0cf4178]
12 /usr/lib/libwayland-server.so.0(wl_signal_emit_mutable+0x7e) [0x70f2f688847e]
13 /usr/lib/libwlroots.so.12(wlr_keyboard_notify_key+0x3d) [0x70f2f67d35f0]
14 /usr/lib/libwlroots.so.12(+0x6cbfd) [0x70f2f678dbfd]
15 /usr/lib/libwlroots.so.12(+0x6c6be) [0x70f2f678d6be]
16 /usr/lib/libwlroots.so.12(+0x6b708) [0x70f2f678c708]
17 /usr/lib/libwayland-server.so.0(wl_event_loop_dispatch+0x1f2) [0x70f2f688a112]
18 /usr/lib/libwayland-server.so.0(wl_display_run+0x37) [0x70f2f688c1f7]
19 maomao(+0x1e7c0) [0x5d38c0cf77c0]
20 maomao(+0x25f81) [0x5d38c0cfef81]
21 /usr/lib/libc.so.6(+0x25e08) [0x70f2f64b3e08]
22 /usr/lib/libc.so.6(__libc_start_main+0x8c) [0x70f2f64b3ecc]
23 maomao(+0xd605) [0x5d38c0ce6605]
Received signal 11:
0 maomao(+0x1f837) [0x5d38c0cf8837]
1 /usr/lib/libc.so.6(+0x3d1d0) [0x70f2f64cb1d0]
2 /usr/lib/libc.so.6(+0x960c4) [0x70f2f65240c4]
3 /usr/lib/libgallium-24.3.4-arch1.1.so(+0x5129b7) [0x70f2f37129b7]
4 /usr/lib/libgallium-24.3.4-arch1.1.so(+0x4dd558) [0x70f2f36dd558]
5 /usr/lib/libgallium-24.3.4-arch1.1.so(+0x4dd5ec) [0x70f2f36dd5ec]
6 /usr/lib/libc.so.6(+0x3f891) [0x70f2f64cd891]
7 /usr/lib/libc.so.6(+0x3f95e) [0x70f2f64cd95e]
8 maomao(+0x260de) [0x5d38c0cff0de]
9 maomao(+0x20da9) [0x5d38c0cf9da9]
10 maomao(+0x1af48) [0x5d38c0cf3f48]
11 maomao(+0x1b178) [0x5d38c0cf4178]
12 /usr/lib/libwayland-server.so.0(wl_signal_emit_mutable+0x7e) [0x70f2f688847e]
13 /usr/lib/libwlroots.so.12(wlr_keyboard_notify_key+0x3d) [0x70f2f67d35f0]
14 /usr/lib/libwlroots.so.12(+0x6cbfd) [0x70f2f678dbfd]
15 /usr/lib/libwlroots.so.12(+0x6c6be) [0x70f2f678d6be]
16 /usr/lib/libwlroots.so.12(+0x6b708) [0x70f2f678c708]
17 /usr/lib/libwayland-server.so.0(wl_event_loop_dispatch+0x1f2) [0x70f2f688a112]
18 /usr/lib/libwayland-server.so.0(wl_display_run+0x37) [0x70f2f688c1f7]
19 maomao(+0x1e7c0) [0x5d38c0cf77c0]
20 maomao(+0x25f81) [0x5d38c0cfef81]
21 /usr/lib/libc.so.6(+0x25e08) [0x70f2f64b3e08]
22 /usr/lib/libc.so.6(__libc_start_main+0x8c) [0x70f2f64b3ecc]
23 maomao(+0xd605) [0x5d38c0ce6605]
Received signal 11:
0 maomao(+0x1f837) [0x5d38c0cf8837]
1 /usr/lib/libc.so.6(+0x3d1d0) [0x70f2f64cb1d0]
2 /usr/lib/libc.so.6(+0x960c4) [0x70f2f65240c4]
3 /usr/lib/libgallium-24.3.4-arch1.1.so(+0x5129b7) [0x70f2f37129b7]
4 /usr/lib/libgallium-24.3.4-arch1.1.so(+0x4dd558) [0x70f2f36dd558]
5 /usr/lib/libgallium-24.3.4-arch1.1.so(+0x4dd5ec) [0x70f2f36dd5ec]
6 /usr/lib/libc.so.6(+0x3f891) [0x70f2f64cd891]
7 /usr/lib/libc.so.6(+0x3f95e) [0x70f2f64cd95e]
8 maomao(+0x260de) [0x5d38c0cff0de]
9 maomao(+0x20da9) [0x5d38c0cf9da9]
10 maomao(+0x1af48) [0x5d38c0cf3f48]
11 maomao(+0x1b178) [0x5d38c0cf4178]
12 /usr/lib/libwayland-server.so.0(wl_signal_emit_mutable+0x7e) [0x70f2f688847e]
13 /usr/lib/libwlroots.so.12(wlr_keyboard_notify_key+0x3d) [0x70f2f67d35f0]
14 /usr/lib/libwlroots.so.12(+0x6cbfd) [0x70f2f678dbfd]
15 /usr/lib/libwlroots.so.12(+0x6c6be) [0x70f2f678d6be]
16 /usr/lib/libwlroots.so.12(+0x6b708) [0x70f2f678c708]
17 /usr/lib/libwayland-server.so.0(wl_event_loop_dispatch+0x1f2) [0x70f2f688a112]
18 /usr/lib/libwayland-server.so.0(wl_display_run+0x37) [0x70f2f688c1f7]
19 maomao(+0x1e7c0) [0x5d38c0cf77c0]
20 maomao(+0x25f81) [0x5d38c0cfef81]
21 /usr/lib/libc.so.6(+0x25e08) [0x70f2f64b3e08]
22 /usr/lib/libc.so.6(__libc_start_main+0x8c) [0x70f2f64b3ecc]
23 maomao(+0xd605) [0x5d38c0ce6605]
Received signal 11:
0 maomao(+0x1f837) [0x5d38c0cf8837]
1 /usr/lib/libc.so.6(+0x3d1d0) [0x70f2f64cb1d0]
2 /usr/lib/libc.so.6(+0x960c4) [0x70f2f65240c4]
3 /usr/lib/libgallium-24.3.4-arch1.1.so(+0x5129b7) [0x70f2f37129b7]
4 /usr/lib/libgallium-24.3.4-arch1.1.so(+0x4dd558) [0x70f2f36dd558]
5 /usr/lib/libgallium-24.3.4-arch1.1.so(+0x4dd5ec) [0x70f2f36dd5ec]
6 /usr/lib/libc.so.6(+0x3f891) [0x70f2f64cd891]
7 /usr/lib/libc.so.6(+0x3f95e) [0x70f2f64cd95e]
8 maomao(+0x260de) [0x5d38c0cff0de]
9 maomao(+0x20da9) [0x5d38c0cf9da9]
10 maomao(+0x1af48) [0x5d38c0cf3f48]
11 maomao(+0x1b178) [0x5d38c0cf4178]
12 /usr/lib/libwayland-server.so.0(wl_signal_emit_mutable+0x7e) [0x70f2f688847e]
13 /usr/lib/libwlroots.so.12(wlr_keyboard_notify_key+0x3d) [0x70f2f67d35f0]
14 /usr/lib/libwlroots.so.12(+0x6cbfd) [0x70f2f678dbfd]
15 /usr/lib/libwlroots.so.12(+0x6c6be) [0x70f2f678d6be]
16 /usr/lib/libwlroots.so.12(+0x6b708) [0x70f2f678c708]
17 /usr/lib/libwayland-server.so.0(wl_event_loop_dispatch+0x1f2) [0x70f2f688a112]
18 /usr/lib/libwayland-server.so.0(wl_display_run+0x37) [0x70f2f688c1f7]
19 maomao(+0x1e7c0) [0x5d38c0cf77c0]
20 maomao(+0x25f81) [0x5d38c0cfef81]
21 /usr/lib/libc.so.6(+0x25e08) [0x70f2f64b3e08]
22 /usr/lib/libc.so.6(__libc_start_main+0x8c) [0x70f2f64b3ecc]
23 maomao(+0xd605) [0x5d38c0ce6605]
Received signal 11:
0 maomao(+0x1f837) [0x5d38c0cf8837]
1 /usr/lib/libc.so.6(+0x3d1d0) [0x70f2f64cb1d0]
2 /usr/lib/libc.so.6(+0x960c4) [0x70f2f65240c4]
3 /usr/lib/libgallium-24.3.4-arch1.1.so(+0x5129b7) [0x70f2f37129b7]
4 /usr/lib/libgallium-24.3.4-arch1.1.so(+0x4dd558) [0x70f2f36dd558]
5 /usr/lib/libgallium-24.3.4-arch1.1.so(+0x4dd5ec) [0x70f2f36dd5ec]
6 /usr/lib/libc.so.6(+0x3f891) [0x70f2f64cd891]
7 /usr/lib/libc.so.6(+0x3f95e) [0x70f2f64cd95e]
8 maomao(+0x260de) [0x5d38c0cff0de]
9 maomao(+0x20da9) [0x5d38c0cf9da9]
10 maomao(+0x1af48) [0x5d38c0cf3f48]
11 maomao(+0x1b178) [0x5d38c0cf4178]
12 /usr/lib/libwayland-server.so.0(wl_signal_emit_mutable+0x7e) [0x70f2f688847e]
13 /usr/lib/libwlroots.so.12(wlr_keyboard_notify_key+0x3d) [0x70f2f67d35f0]
14 /usr/lib/libwlroots.so.12(+0x6cbfd) [0x70f2f678dbfd]
15 /usr/lib/libwlroots.so.12(+0x6c6be) [0x70f2f678d6be]
16 /usr/lib/libwlroots.so.12(+0x6b708) [0x70f2f678c708]
17 /usr/lib/libwayland-server.so.0(wl_event_loop_dispatch+0x1f2) [0x70f2f688a112]
18 /usr/lib/libwayland-server.so.0(wl_display_run+0x37) [0x70f2f688c1f7]
19 maomao(+0x1e7c0) [0x5d38c0cf77c0]
20 maomao(+0x25f81) [0x5d38c0cfef81]
21 /usr/lib/libc.so.6(+0x25e08) [0x70f2f64b3e08]
22 /usr/lib/libc.so.6(__libc_start_main+0x8c) [0x70f2f64b3ecc]
23 maomao(+0xd605) [0x5d38c0ce6605]
Received signal 11:
0 maomao(+0x1f837) [0x5d38c0cf8837]
1 /usr/lib/libc.so.6(+0x3d1d0) [0x70f2f64cb1d0]
2 /usr/lib/libc.so.6(+0x960c4) [0x70f2f65240c4]
3 /usr/lib/libgallium-24.3.4-arch1.1.so(+0x5129b7) [0x70f2f37129b7]
4 /usr/lib/libgallium-24.3.4-arch1.1.so(+0x4dd558) [0x70f2f36dd558]
5 /usr/lib/libgallium-24.3.4-arch1.1.so(+0x4dd5ec) [0x70f2f36dd5ec]
6 /usr/lib/libc.so.6(+0x3f891) [0x70f2f64cd891]
7 /usr/lib/libc.so.6(+0x3f95e) [0x70f2f64cd95e]
8 maomao(+0x260de) [0x5d38c0cff0de]
9 maomao(+0x20da9) [0x5d38c0cf9da9]
10 maomao(+0x1af48) [0x5d38c0cf3f48]
11 maomao(+0x1b178) [0x5d38c0cf4178]
12 /usr/lib/libwayland-server.so.0(wl_signal_emit_mutable+0x7e) [0x70f2f688847e]
13 /usr/lib/libwlroots.so.12(wlr_keyboard_notify_key+0x3d) [0x70f2f67d35f0]
14 /usr/lib/libwlroots.so.12(+0x6cbfd) [0x70f2f678dbfd]
15 /usr/lib/libwlroots.so.12(+0x6c6be) [0x70f2f678d6be]
16 /usr/lib/libwlroots.so.12(+0x6b708) [0x70f2f678c708]
17 /usr/lib/libwayland-server.so.0(wl_event_loop_dispatch+0x1f2) [0x70f2f688a112]
18 /usr/lib/libwayland-server.so.0(wl_display_run+0x37) [0x70f2f688c1f7]
19 maomao(+0x1e7c0) [0x5d38c0cf77c0]
20 maomao(+0x25f81) [0x5d38c0cfef81]
21 /usr/lib/libc.so.6(+0x25e08) [0x70f2f64b3e08]
22 /usr/lib/libc.so.6(__libc_start_main+0x8c) [0x70f2f64b3ecc]
23 maomao(+0xd605) [0x5d38c0ce6605]
Received signal 11:
0 maomao(+0x1f837) [0x5d38c0cf8837]
1 /usr/lib/libc.so.6(+0x3d1d0) [0x70f2f64cb1d0]
2 /usr/lib/libc.so.6(+0x960c4) [0x70f2f65240c4]
3 /usr/lib/libgallium-24.3.4-arch1.1.so(+0x5129b7) [0x70f2f37129b7]
4 /usr/lib/libgallium-24.3.4-arch1.1.so(+0x4dd558) [0x70f2f36dd558]
5 /usr/lib/libgallium-24.3.4-arch1.1.so(+0x4dd5ec) [0x70f2f36dd5ec]
6 /usr/lib/libc.so.6(+0x3f891) [0x70f2f64cd891]
7 /usr/lib/libc.so.6(+0x3f95e) [0x70f2f64cd95e]
8 maomao(+0x260de) [0x5d38c0cff0de]
9 maomao(+0x20da9) [0x5d38c0cf9da9]
10 maomao(+0x1af48) [0x5d38c0cf3f48]
11 maomao(+0x1b178) [0x5d38c0cf4178]
12 /usr/lib/libwayland-server.so.0(wl_signal_emit_mutable+0x7e) [0x70f2f688847e]
13 /usr/lib/libwlroots.so.12(wlr_keyboard_notify_key+0x3d) [0x70f2f67d35f0]
14 /usr/lib/libwlroots.so.12(+0x6cbfd) [0x70f2f678dbfd]
15 /usr/lib/libwlroots.so.12(+0x6c6be) [0x70f2f678d6be]
16 /usr/lib/libwlroots.so.12(+0x6b708) [0x70f2f678c708]
17 /usr/lib/libwayland-server.so.0(wl_event_loop_dispatch+0x1f2) [0x70f2f688a112]
18 /usr/lib/libwayland-server.so.0(wl_display_run+0x37) [0x70f2f688c1f7]
19 maomao(+0x1e7c0) [0x5d38c0cf77c0]
20 maomao(+0x25f81) [0x5d38c0cfef81]
21 /usr/lib/libc.so.6(+0x25e08) [0x70f2f64b3e08]
22 /usr/lib/libc.so.6(__libc_start_main+0x8c) [0x70f2f64b3ecc]
23 maomao(+0xd605) [0x5d38c0ce6605]
Received signal 11:
0 maomao(+0x1f837) [0x5d38c0cf8837]
1 /usr/lib/libc.so.6(+0x3d1d0) [0x70f2f64cb1d0]
2 /usr/lib/libc.so.6(+0x960c4) [0x70f2f65240c4]
3 /usr/lib/libgallium-24.3.4-arch1.1.so(+0x5129b7) [0x70f2f37129b7]
4 /usr/lib/libgallium-24.3.4-arch1.1.so(+0x4dd558) [0x70f2f36dd558]
5 /usr/lib/libgallium-24.3.4-arch1.1.so(+0x4dd5ec) [0x70f2f36dd5ec]
6 /usr/lib/libc.so.6(+0x3f891) [0x70f2f64cd891]
7 /usr/lib/libc.so.6(+0x3f95e) [0x70f2f64cd95e]
8 maomao(+0x260de) [0x5d38c0cff0de]
9 maomao(+0x20da9) [0x5d38c0cf9da9]
10 maomao(+0x1af48) [0x5d38c0cf3f48]
11 maomao(+0x1b178) [0x5d38c0cf4178]
12 /usr/lib/libwayland-server.so.0(wl_signal_emit_mutable+0x7e) [0x70f2f688847e]
13 /usr/lib/libwlroots.so.12(wlr_keyboard_notify_key+0x3d) [0x70f2f67d35f0]
14 /usr/lib/libwlroots.so.12(+0x6cbfd) [0x70f2f678dbfd]
15 /usr/lib/libwlroots.so.12(+0x6c6be) [0x70f2f678d6be]
16 /usr/lib/libwlroots.so.12(+0x6b708) [0x70f2f678c708]
17 /usr/lib/libwayland-server.so.0(wl_event_loop_dispatch+0x1f2) [0x70f2f688a112]
18 /usr/lib/libwayland-server.so.0(wl_display_run+0x37) [0x70f2f688c1f7]
19 maomao(+0x1e7c0) [0x5d38c0cf77c0]
20 maomao(+0x25f81) [0x5d38c0cfef81]
21 /usr/lib/libc.so.6(+0x25e08) [0x70f2f64b3e08]
22 /usr/lib/libc.so.6(__libc_start_main+0x8c) [0x70f2f64b3ecc]
23 maomao(+0xd605) [0x5d38c0ce6605]
Received signal 11:
0 maomao(+0x1f837) [0x5d38c0cf8837]
1 /usr/lib/libc.so.6(+0x3d1d0) [0x70f2f64cb1d0]
2 /usr/lib/libc.so.6(+0x960c4) [0x70f2f65240c4]
3 /usr/lib/libgallium-24.3.4-arch1.1.so(+0x5129b7) [0x70f2f37129b7]
4 /usr/lib/libgallium-24.3.4-arch1.1.so(+0x4dd558) [0x70f2f36dd558]
5 /usr/lib/libgallium-24.3.4-arch1.1.so(+0x4dd5ec) [0x70f2f36dd5ec]
6 /usr/lib/libc.so.6(+0x3f891) [0x70f2f64cd891]
7 /usr/lib/libc.so.6(+0x3f95e) [0x70f2f64cd95e]
8 maomao(+0x260de) [0x5d38c0cff0de]
9 maomao(+0x20da9) [0x5d38c0cf9da9]
10 maomao(+0x1af48) [0x5d38c0cf3f48]
11 maomao(+0x1b178) [0x5d38c0cf4178]
12 /usr/lib/libwayland-server.so.0(wl_signal_emit_mutable+0x7e) [0x70f2f688847e]
13 /usr/lib/libwlroots.so.12(wlr_keyboard_notify_key+0x3d) [0x70f2f67d35f0]
14 /usr/lib/libwlroots.so.12(+0x6cbfd) [0x70f2f678dbfd]
15 /usr/lib/libwlroots.so.12(+0x6c6be) [0x70f2f678d6be]
16 /usr/lib/libwlroots.so.12(+0x6b708) [0x70f2f678c708]
17 /usr/lib/libwayland-server.so.0(wl_event_loop_dispatch+0x1f2) [0x70f2f688a112]
18 /usr/lib/libwayland-server.so.0(wl_display_run+0x37) [0x70f2f688c1f7]
19 maomao(+0x1e7c0) [0x5d38c0cf77c0]
20 maomao(+0x25f81) [0x5d38c0cfef81]
21 /usr/lib/libc.so.6(+0x25e08) [0x70f2f64b3e08]
22 /usr/lib/libc.so.6(__libc_start_main+0x8c) [0x70f2f64b3ecc]
23 maomao(+0xd605) [0x5d38c0ce6605]
Received signal 11:
0 maomao(+0x1f837) [0x5d38c0cf8837]
1 /usr/lib/libc.so.6(+0x3d1d0) [0x70f2f64cb1d0]
2 /usr/lib/libc.so.6(+0x960c4) [0x70f2f65240c4]
3 /usr/lib/libgallium-24.3.4-arch1.1.so(+0x5129b7) [0x70f2f37129b7]
4 /usr/lib/libgallium-24.3.4-arch1.1.so(+0x4dd558) [0x70f2f36dd558]
5 /usr/lib/libgallium-24.3.4-arch1.1.so(+0x4dd5ec) [0x70f2f36dd5ec]
6 /usr/lib/libc.so.6(+0x3f891) [0x70f2f64cd891]
7 /usr/lib/libc.so.6(+0x3f95e) [0x70f2f64cd95e]
8 maomao(+0x260de) [0x5d38c0cff0de]
9 maomao(+0x20da9) [0x5d38c0cf9da9]
10 maomao(+0x1af48) [0x5d38c0cf3f48]
11 maomao(+0x1b178) [0x5d38c0cf4178]
12 /usr/lib/libwayland-server.so.0(wl_signal_emit_mutable+0x7e) [0x70f2f688847e]
13 /usr/lib/libwlroots.so.12(wlr_keyboard_notify_key+0x3d) [0x70f2f67d35f0]
14 /usr/lib/libwlroots.so.12(+0x6cbfd) [0x70f2f678dbfd]
15 /usr/lib/libwlroots.so.12(+0x6c6be) [0x70f2f678d6be]
16 /usr/lib/libwlroots.so.12(+0x6b708) [0x70f2f678c708]
17 /usr/lib/libwayland-server.so.0(wl_event_loop_dispatch+0x1f2) [0x70f2f688a112]
18 /usr/lib/libwayland-server.so.0(wl_display_run+0x37) [0x70f2f688c1f7]
19 maomao(+0x1e7c0) [0x5d38c0cf77c0]
20 maomao(+0x25f81) [0x5d38c0cfef81]
21 /usr/lib/libc.so.6(+0x25e08) [0x70f2f64b3e08]
22 /usr/lib/libc.so.6(__libc_start_main+0x8c) [0x70f2f64b3ecc]
23 maomao(+0xd605) [0x5d38c0ce6605]
Received signal 11:
0 maomao(+0x1ff29) [0x56f31313df29]
1 /usr/lib/libc.so.6(+0x3d1d0) [0x76f3542601d0]
2 /usr/lib/libc.so.6(+0x960c4) [0x76f3542b90c4]
3 /usr/lib/libgallium-24.3.4-arch1.1.so(+0x5129b7) [0x76f3515129b7]
4 /usr/lib/libgallium-24.3.4-arch1.1.so(+0x4dd558) [0x76f3514dd558]
5 /usr/lib/libgallium-24.3.4-arch1.1.so(+0x4dd5ec) [0x76f3514dd5ec]
6 /usr/lib/libc.so.6(+0x3f891) [0x76f354262891]
7 /usr/lib/libc.so.6(+0x3f95e) [0x76f35426295e]
8 maomao(+0x260de) [0x56f3131440de]
9 maomao(+0x20da9) [0x56f31313eda9]
10 maomao(+0x1b63a) [0x56f31313963a]
11 maomao(+0x1b86a) [0x56f31313986a]
12 /usr/lib/libwayland-server.so.0(wl_signal_emit_mutable+0x7e) [0x76f35461d47e]
13 /usr/lib/libwlroots.so.12(wlr_keyboard_notify_key+0x3d) [0x76f3545685f0]
14 /usr/lib/libwlroots.so.12(+0x6cbfd) [0x76f354522bfd]
15 /usr/lib/libwlroots.so.12(+0x6c6be) [0x76f3545226be]
16 /usr/lib/libwlroots.so.12(+0x6b708) [0x76f354521708]
17 /usr/lib/libwayland-server.so.0(wl_event_loop_dispatch+0x1f2) [0x76f35461f112]
18 /usr/lib/libwayland-server.so.0(wl_display_run+0x37) [0x76f3546211f7]
19 maomao(+0x1eeb2) [0x56f31313ceb2]
20 maomao(+0x25f81) [0x56f313143f81]
21 /usr/lib/libc.so.6(+0x25e08) [0x76f354248e08]
22 /usr/lib/libc.so.6(__libc_start_main+0x8c) [0x76f354248ecc]
23 maomao(+0xd605) [0x56f31312b605]
Received signal 11:
0 maomao(+0x1ff29) [0x56f31313df29]
1 /usr/lib/libc.so.6(+0x3d1d0) [0x76f3542601d0]
2 /usr/lib/libc.so.6(+0x960c4) [0x76f3542b90c4]
3 /usr/lib/libgallium-24.3.4-arch1.1.so(+0x5129b7) [0x76f3515129b7]
4 /usr/lib/libgallium-24.3.4-arch1.1.so(+0x4dd558) [0x76f3514dd558]
5 /usr/lib/libgallium-24.3.4-arch1.1.so(+0x4dd5ec) [0x76f3514dd5ec]
6 /usr/lib/libc.so.6(+0x3f891) [0x76f354262891]
7 /usr/lib/libc.so.6(+0x3f95e) [0x76f35426295e]
8 maomao(+0x260de) [0x56f3131440de]
9 maomao(+0x20da9) [0x56f31313eda9]
10 maomao(+0x1b63a) [0x56f31313963a]
11 maomao(+0x1b86a) [0x56f31313986a]
12 /usr/lib/libwayland-server.so.0(wl_signal_emit_mutable+0x7e) [0x76f35461d47e]
13 /usr/lib/libwlroots.so.12(wlr_keyboard_notify_key+0x3d) [0x76f3545685f0]
14 /usr/lib/libwlroots.so.12(+0x6cbfd) [0x76f354522bfd]
15 /usr/lib/libwlroots.so.12(+0x6c6be) [0x76f3545226be]
16 /usr/lib/libwlroots.so.12(+0x6b708) [0x76f354521708]
17 /usr/lib/libwayland-server.so.0(wl_event_loop_dispatch+0x1f2) [0x76f35461f112]
18 /usr/lib/libwayland-server.so.0(wl_display_run+0x37) [0x76f3546211f7]
19 maomao(+0x1eeb2) [0x56f31313ceb2]
20 maomao(+0x25f81) [0x56f313143f81]
21 /usr/lib/libc.so.6(+0x25e08) [0x76f354248e08]
22 /usr/lib/libc.so.6(__libc_start_main+0x8c) [0x76f354248ecc]
23 maomao(+0xd605) [0x56f31312b605]
Received signal 11:
0 maomao(+0x1ff29) [0x56f31313df29]
1 /usr/lib/libc.so.6(+0x3d1d0) [0x76f3542601d0]
2 /usr/lib/libc.so.6(+0x960c4) [0x76f3542b90c4]
3 /usr/lib/libgallium-24.3.4-arch1.1.so(+0x5129b7) [0x76f3515129b7]
4 /usr/lib/libgallium-24.3.4-arch1.1.so(+0x4dd558) [0x76f3514dd558]
5 /usr/lib/libgallium-24.3.4-arch1.1.so(+0x4dd5ec) [0x76f3514dd5ec]
6 /usr/lib/libc.so.6(+0x3f891) [0x76f354262891]
7 /usr/lib/libc.so.6(+0x3f95e) [0x76f35426295e]
8 maomao(+0x260de) [0x56f3131440de]
9 maomao(+0x20da9) [0x56f31313eda9]
10 maomao(+0x1b63a) [0x56f31313963a]
11 maomao(+0x1b86a) [0x56f31313986a]
12 /usr/lib/libwayland-server.so.0(wl_signal_emit_mutable+0x7e) [0x76f35461d47e]
13 /usr/lib/libwlroots.so.12(wlr_keyboard_notify_key+0x3d) [0x76f3545685f0]
14 /usr/lib/libwlroots.so.12(+0x6cbfd) [0x76f354522bfd]
15 /usr/lib/libwlroots.so.12(+0x6c6be) [0x76f3545226be]
16 /usr/lib/libwlroots.so.12(+0x6b708) [0x76f354521708]
17 /usr/lib/libwayland-server.so.0(wl_event_loop_dispatch+0x1f2) [0x76f35461f112]
18 /usr/lib/libwayland-server.so.0(wl_display_run+0x37) [0x76f3546211f7]
19 maomao(+0x1eeb2) [0x56f31313ceb2]
20 maomao(+0x25f81) [0x56f313143f81]
21 /usr/lib/libc.so.6(+0x25e08) [0x76f354248e08]
22 /usr/lib/libc.so.6(__libc_start_main+0x8c) [0x76f354248ecc]
23 maomao(+0xd605) [0x56f31312b605]
Received signal 11:
0 maomao(+0x1ff29) [0x56f31313df29]
1 /usr/lib/libc.so.6(+0x3d1d0) [0x76f3542601d0]
2 /usr/lib/libc.so.6(+0x960c4) [0x76f3542b90c4]
3 /usr/lib/libgallium-24.3.4-arch1.1.so(+0x5129b7) [0x76f3515129b7]
4 /usr/lib/libgallium-24.3.4-arch1.1.so(+0x4dd558) [0x76f3514dd558]
5 /usr/lib/libgallium-24.3.4-arch1.1.so(+0x4dd5ec) [0x76f3514dd5ec]
6 /usr/lib/libc.so.6(+0x3f891) [0x76f354262891]
7 /usr/lib/libc.so.6(+0x3f95e) [0x76f35426295e]
8 maomao(+0x260de) [0x56f3131440de]
9 maomao(+0x20da9) [0x56f31313eda9]
10 maomao(+0x1b63a) [0x56f31313963a]
11 maomao(+0x1b86a) [0x56f31313986a]
12 /usr/lib/libwayland-server.so.0(wl_signal_emit_mutable+0x7e) [0x76f35461d47e]
13 /usr/lib/libwlroots.so.12(wlr_keyboard_notify_key+0x3d) [0x76f3545685f0]
14 /usr/lib/libwlroots.so.12(+0x6cbfd) [0x76f354522bfd]
15 /usr/lib/libwlroots.so.12(+0x6c6be) [0x76f3545226be]
16 /usr/lib/libwlroots.so.12(+0x6b708) [0x76f354521708]
17 /usr/lib/libwayland-server.so.0(wl_event_loop_dispatch+0x1f2) [0x76f35461f112]
18 /usr/lib/libwayland-server.so.0(wl_display_run+0x37) [0x76f3546211f7]
19 maomao(+0x1eeb2) [0x56f31313ceb2]
20 maomao(+0x25f81) [0x56f313143f81]
21 /usr/lib/libc.so.6(+0x25e08) [0x76f354248e08]
22 /usr/lib/libc.so.6(__libc_start_main+0x8c) [0x76f354248ecc]
23 maomao(+0xd605) [0x56f31312b605]
Received signal 11:
0 maomao(+0x1ff29) [0x56f31313df29]
1 /usr/lib/libc.so.6(+0x3d1d0) [0x76f3542601d0]
2 /usr/lib/libc.so.6(+0x960c4) [0x76f3542b90c4]
3 /usr/lib/libgallium-24.3.4-arch1.1.so(+0x5129b7) [0x76f3515129b7]
4 /usr/lib/libgallium-24.3.4-arch1.1.so(+0x4dd558) [0x76f3514dd558]
5 /usr/lib/libgallium-24.3.4-arch1.1.so(+0x4dd5ec) [0x76f3514dd5ec]
6 /usr/lib/libc.so.6(+0x3f891) [0x76f354262891]
7 /usr/lib/libc.so.6(+0x3f95e) [0x76f35426295e]
8 maomao(+0x260de) [0x56f3131440de]
9 maomao(+0x20da9) [0x56f31313eda9]
10 maomao(+0x1b63a) [0x56f31313963a]
11 maomao(+0x1b86a) [0x56f31313986a]
12 /usr/lib/libwayland-server.so.0(wl_signal_emit_mutable+0x7e) [0x76f35461d47e]
13 /usr/lib/libwlroots.so.12(wlr_keyboard_notify_key+0x3d) [0x76f3545685f0]
14 /usr/lib/libwlroots.so.12(+0x6cbfd) [0x76f354522bfd]
15 /usr/lib/libwlroots.so.12(+0x6c6be) [0x76f3545226be]
16 /usr/lib/libwlroots.so.12(+0x6b708) [0x76f354521708]
17 /usr/lib/libwayland-server.so.0(wl_event_loop_dispatch+0x1f2) [0x76f35461f112]
18 /usr/lib/libwayland-server.so.0(wl_display_run+0x37) [0x76f3546211f7]
19 maomao(+0x1eeb2) [0x56f31313ceb2]
20 maomao(+0x25f81) [0x56f313143f81]
21 /usr/lib/libc.so.6(+0x25e08) [0x76f354248e08]
22 /usr/lib/libc.so.6(__libc_start_main+0x8c) [0x76f354248ecc]
23 maomao(+0xd605) [0x56f31312b605]
Received signal 11:
0 maomao(+0x1ff29) [0x56f31313df29]
1 /usr/lib/libc.so.6(+0x3d1d0) [0x76f3542601d0]
2 /usr/lib/libc.so.6(+0x960c4) [0x76f3542b90c4]
3 /usr/lib/libgallium-24.3.4-arch1.1.so(+0x5129b7) [0x76f3515129b7]
4 /usr/lib/libgallium-24.3.4-arch1.1.so(+0x4dd558) [0x76f3514dd558]
5 /usr/lib/libgallium-24.3.4-arch1.1.so(+0x4dd5ec) [0x76f3514dd5ec]
6 /usr/lib/libc.so.6(+0x3f891) [0x76f354262891]
7 /usr/lib/libc.so.6(+0x3f95e) [0x76f35426295e]
8 maomao(+0x260de) [0x56f3131440de]
9 maomao(+0x20da9) [0x56f31313eda9]
10 maomao(+0x1b63a) [0x56f31313963a]
11 maomao(+0x1b86a) [0x56f31313986a]
12 /usr/lib/libwayland-server.so.0(wl_signal_emit_mutable+0x7e) [0x76f35461d47e]
13 /usr/lib/libwlroots.so.12(wlr_keyboard_notify_key+0x3d) [0x76f3545685f0]
14 /usr/lib/libwlroots.so.12(+0x6cbfd) [0x76f354522bfd]
15 /usr/lib/libwlroots.so.12(+0x6c6be) [0x76f3545226be]
16 /usr/lib/libwlroots.so.12(+0x6b708) [0x76f354521708]
17 /usr/lib/libwayland-server.so.0(wl_event_loop_dispatch+0x1f2) [0x76f35461f112]
18 /usr/lib/libwayland-server.so.0(wl_display_run+0x37) [0x76f3546211f7]
19 maomao(+0x1eeb2) [0x56f31313ceb2]
20 maomao(+0x25f81) [0x56f313143f81]
21 /usr/lib/libc.so.6(+0x25e08) [0x76f354248e08]
22 /usr/lib/libc.so.6(__libc_start_main+0x8c) [0x76f354248ecc]
23 maomao(+0xd605) [0x56f31312b605]
Received signal 11:
0 maomao(+0x1ff29) [0x56f31313df29]
1 /usr/lib/libc.so.6(+0x3d1d0) [0x76f3542601d0]
2 /usr/lib/libc.so.6(+0x960c4) [0x76f3542b90c4]
3 /usr/lib/libgallium-24.3.4-arch1.1.so(+0x5129b7) [0x76f3515129b7]
4 /usr/lib/libgallium-24.3.4-arch1.1.so(+0x4dd558) [0x76f3514dd558]
5 /usr/lib/libgallium-24.3.4-arch1.1.so(+0x4dd5ec) [0x76f3514dd5ec]
6 /usr/lib/libc.so.6(+0x3f891) [0x76f354262891]
7 /usr/lib/libc.so.6(+0x3f95e) [0x76f35426295e]
8 maomao(+0x260de) [0x56f3131440de]
9 maomao(+0x20da9) [0x56f31313eda9]
10 maomao(+0x1b63a) [0x56f31313963a]
11 maomao(+0x1b86a) [0x56f31313986a]
12 /usr/lib/libwayland-server.so.0(wl_signal_emit_mutable+0x7e) [0x76f35461d47e]
13 /usr/lib/libwlroots.so.12(wlr_keyboard_notify_key+0x3d) [0x76f3545685f0]
14 /usr/lib/libwlroots.so.12(+0x6cbfd) [0x76f354522bfd]
15 /usr/lib/libwlroots.so.12(+0x6c6be) [0x76f3545226be]
16 /usr/lib/libwlroots.so.12(+0x6b708) [0x76f354521708]
17 /usr/lib/libwayland-server.so.0(wl_event_loop_dispatch+0x1f2) [0x76f35461f112]
18 /usr/lib/libwayland-server.so.0(wl_display_run+0x37) [0x76f3546211f7]
19 maomao(+0x1eeb2) [0x56f31313ceb2]
20 maomao(+0x25f81) [0x56f313143f81]
21 /usr/lib/libc.so.6(+0x25e08) [0x76f354248e08]
22 /usr/lib/libc.so.6(__libc_start_main+0x8c) [0x76f354248ecc]
23 maomao(+0xd605) [0x56f31312b605]
Received signal 11:
0 maomao(+0x1ff29) [0x56f31313df29]
1 /usr/lib/libc.so.6(+0x3d1d0) [0x76f3542601d0]
2 /usr/lib/libc.so.6(+0x960c4) [0x76f3542b90c4]
3 /usr/lib/libgallium-24.3.4-arch1.1.so(+0x5129b7) [0x76f3515129b7]
4 /usr/lib/libgallium-24.3.4-arch1.1.so(+0x4dd558) [0x76f3514dd558]
5 /usr/lib/libgallium-24.3.4-arch1.1.so(+0x4dd5ec) [0x76f3514dd5ec]
6 /usr/lib/libc.so.6(+0x3f891) [0x76f354262891]
7 /usr/lib/libc.so.6(+0x3f95e) [0x76f35426295e]
8 maomao(+0x260de) [0x56f3131440de]
9 maomao(+0x20da9) [0x56f31313eda9]
10 maomao(+0x1b63a) [0x56f31313963a]
11 maomao(+0x1b86a) [0x56f31313986a]
12 /usr/lib/libwayland-server.so.0(wl_signal_emit_mutable+0x7e) [0x76f35461d47e]
13 /usr/lib/libwlroots.so.12(wlr_keyboard_notify_key+0x3d) [0x76f3545685f0]
14 /usr/lib/libwlroots.so.12(+0x6cbfd) [0x76f354522bfd]
15 /usr/lib/libwlroots.so.12(+0x6c6be) [0x76f3545226be]
16 /usr/lib/libwlroots.so.12(+0x6b708) [0x76f354521708]
17 /usr/lib/libwayland-server.so.0(wl_event_loop_dispatch+0x1f2) [0x76f35461f112]
18 /usr/lib/libwayland-server.so.0(wl_display_run+0x37) [0x76f3546211f7]
19 maomao(+0x1eeb2) [0x56f31313ceb2]
20 maomao(+0x25f81) [0x56f313143f81]
21 /usr/lib/libc.so.6(+0x25e08) [0x76f354248e08]
22 /usr/lib/libc.so.6(__libc_start_main+0x8c) [0x76f354248ecc]
23 maomao(+0xd605) [0x56f31312b605]
Received signal 11:
0 maomao(+0x1ff29) [0x56f31313df29]
1 /usr/lib/libc.so.6(+0x3d1d0) [0x76f3542601d0]
2 /usr/lib/libc.so.6(+0x960c4) [0x76f3542b90c4]
3 /usr/lib/libgallium-24.3.4-arch1.1.so(+0x5129b7) [0x76f3515129b7]
4 /usr/lib/libgallium-24.3.4-arch1.1.so(+0x4dd558) [0x76f3514dd558]
5 /usr/lib/libgallium-24.3.4-arch1.1.so(+0x4dd5ec) [0x76f3514dd5ec]
6 /usr/lib/libc.so.6(+0x3f891) [0x76f354262891]
7 /usr/lib/libc.so.6(+0x3f95e) [0x76f35426295e]
8 maomao(+0x260de) [0x56f3131440de]
9 maomao(+0x20da9) [0x56f31313eda9]
10 maomao(+0x1b63a) [0x56f31313963a]
11 maomao(+0x1b86a) [0x56f31313986a]
12 /usr/lib/libwayland-server.so.0(wl_signal_emit_mutable+0x7e) [0x76f35461d47e]
13 /usr/lib/libwlroots.so.12(wlr_keyboard_notify_key+0x3d) [0x76f3545685f0]
14 /usr/lib/libwlroots.so.12(+0x6cbfd) [0x76f354522bfd]
15 /usr/lib/libwlroots.so.12(+0x6c6be) [0x76f3545226be]
16 /usr/lib/libwlroots.so.12(+0x6b708) [0x76f354521708]
17 /usr/lib/libwayland-server.so.0(wl_event_loop_dispatch+0x1f2) [0x76f35461f112]
18 /usr/lib/libwayland-server.so.0(wl_display_run+0x37) [0x76f3546211f7]
19 maomao(+0x1eeb2) [0x56f31313ceb2]
20 maomao(+0x25f81) [0x56f313143f81]
21 /usr/lib/libc.so.6(+0x25e08) [0x76f354248e08]
22 /usr/lib/libc.so.6(__libc_start_main+0x8c) [0x76f354248ecc]
23 maomao(+0xd605) [0x56f31312b605]
Received signal 11:
0 maomao(+0x1ff29) [0x56f31313df29]
1 /usr/lib/libc.so.6(+0x3d1d0) [0x76f3542601d0]
2 /usr/lib/libc.so.6(+0x960c4) [0x76f3542b90c4]
3 /usr/lib/libgallium-24.3.4-arch1.1.so(+0x5129b7) [0x76f3515129b7]
4 /usr/lib/libgallium-24.3.4-arch1.1.so(+0x4dd558) [0x76f3514dd558]
5 /usr/lib/libgallium-24.3.4-arch1.1.so(+0x4dd5ec) [0x76f3514dd5ec]
6 /usr/lib/libc.so.6(+0x3f891) [0x76f354262891]
7 /usr/lib/libc.so.6(+0x3f95e) [0x76f35426295e]
8 maomao(+0x260de) [0x56f3131440de]
9 maomao(+0x20da9) [0x56f31313eda9]
10 maomao(+0x1b63a) [0x56f31313963a]
11 maomao(+0x1b86a) [0x56f31313986a]
12 /usr/lib/libwayland-server.so.0(wl_signal_emit_mutable+0x7e) [0x76f35461d47e]
13 /usr/lib/libwlroots.so.12(wlr_keyboard_notify_key+0x3d) [0x76f3545685f0]
14 /usr/lib/libwlroots.so.12(+0x6cbfd) [0x76f354522bfd]
15 /usr/lib/libwlroots.so.12(+0x6c6be) [0x76f3545226be]
16 /usr/lib/libwlroots.so.12(+0x6b708) [0x76f354521708]
17 /usr/lib/libwayland-server.so.0(wl_event_loop_dispatch+0x1f2) [0x76f35461f112]
18 /usr/lib/libwayland-server.so.0(wl_display_run+0x37) [0x76f3546211f7]
19 maomao(+0x1eeb2) [0x56f31313ceb2]
20 maomao(+0x25f81) [0x56f313143f81]
21 /usr/lib/libc.so.6(+0x25e08) [0x76f354248e08]
22 /usr/lib/libc.so.6(__libc_start_main+0x8c) [0x76f354248ecc]
23 maomao(+0xd605) [0x56f31312b605]
Received signal 11:
0 maomao(+0x1ff29) [0x56f31313df29]
1 /usr/lib/libc.so.6(+0x3d1d0) [0x76f3542601d0]
2 /usr/lib/libc.so.6(+0x960c4) [0x76f3542b90c4]
3 /usr/lib/libgallium-24.3.4-arch1.1.so(+0x5129b7) [0x76f3515129b7]
4 /usr/lib/libgallium-24.3.4-arch1.1.so(+0x4dd558) [0x76f3514dd558]
5 /usr/lib/libgallium-24.3.4-arch1.1.so(+0x4dd5ec) [0x76f3514dd5ec]
6 /usr/lib/libc.so.6(+0x3f891) [0x76f354262891]
7 /usr/lib/libc.so.6(+0x3f95e) [0x76f35426295e]
8 maomao(+0x260de) [0x56f3131440de]
9 maomao(+0x20da9) [0x56f31313eda9]
10 maomao(+0x1b63a) [0x56f31313963a]
11 maomao(+0x1b86a) [0x56f31313986a]
12 /usr/lib/libwayland-server.so.0(wl_signal_emit_mutable+0x7e) [0x76f35461d47e]
13 /usr/lib/libwlroots.so.12(wlr_keyboard_notify_key+0x3d) [0x76f3545685f0]
14 /usr/lib/libwlroots.so.12(+0x6cbfd) [0x76f354522bfd]
15 /usr/lib/libwlroots.so.12(+0x6c6be) [0x76f3545226be]
16 /usr/lib/libwlroots.so.12(+0x6b708) [0x76f354521708]
17 /usr/lib/libwayland-server.so.0(wl_event_loop_dispatch+0x1f2) [0x76f35461f112]
18 /usr/lib/libwayland-server.so.0(wl_display_run+0x37) [0x76f3546211f7]
19 maomao(+0x1eeb2) [0x56f31313ceb2]
20 maomao(+0x25f81) [0x56f313143f81]
21 /usr/lib/libc.so.6(+0x25e08) [0x76f354248e08]
22 /usr/lib/libc.so.6(__libc_start_main+0x8c) [0x76f354248ecc]
23 maomao(+0xd605) [0x56f31312b605]
Received signal 11:
0 maomao(+0x1ff29) [0x56f31313df29]
1 /usr/lib/libc.so.6(+0x3d1d0) [0x76f3542601d0]
2 /usr/lib/libc.so.6(+0x960c4) [0x76f3542b90c4]
3 /usr/lib/libgallium-24.3.4-arch1.1.so(+0x5129b7) [0x76f3515129b7]
4 /usr/lib/libgallium-24.3.4-arch1.1.so(+0x4dd558) [0x76f3514dd558]
5 /usr/lib/libgallium-24.3.4-arch1.1.so(+0x4dd5ec) [0x76f3514dd5ec]
6 /usr/lib/libc.so.6(+0x3f891) [0x76f354262891]
7 /usr/lib/libc.so.6(+0x3f95e) [0x76f35426295e]
8 maomao(+0x260de) [0x56f3131440de]
9 maomao(+0x20da9) [0x56f31313eda9]
10 maomao(+0x1b63a) [0x56f31313963a]
11 maomao(+0x1b86a) [0x56f31313986a]
12 /usr/lib/libwayland-server.so.0(wl_signal_emit_mutable+0x7e) [0x76f35461d47e]
13 /usr/lib/libwlroots.so.12(wlr_keyboard_notify_key+0x3d) [0x76f3545685f0]
14 /usr/lib/libwlroots.so.12(+0x6cbfd) [0x76f354522bfd]
15 /usr/lib/libwlroots.so.12(+0x6c6be) [0x76f3545226be]
16 /usr/lib/libwlroots.so.12(+0x6b708) [0x76f354521708]
17 /usr/lib/libwayland-server.so.0(wl_event_loop_dispatch+0x1f2) [0x76f35461f112]
18 /usr/lib/libwayland-server.so.0(wl_display_run+0x37) [0x76f3546211f7]
19 maomao(+0x1eeb2) [0x56f31313ceb2]
20 maomao(+0x25f81) [0x56f313143f81]
21 /usr/lib/libc.so.6(+0x25e08) [0x76f354248e08]
22 /usr/lib/libc.so.6(__libc_start_main+0x8c) [0x76f354248ecc]
23 maomao(+0xd605) [0x56f31312b605]
Received signal 11:
0 maomao(+0x1ff29) [0x56f31313df29]
1 /usr/lib/libc.so.6(+0x3d1d0) [0x76f3542601d0]
2 /usr/lib/libc.so.6(+0x960c4) [0x76f3542b90c4]
3 /usr/lib/libgallium-24.3.4-arch1.1.so(+0x5129b7) [0x76f3515129b7]
4 /usr/lib/libgallium-24.3.4-arch1.1.so(+0x4dd558) [0x76f3514dd558]
5 /usr/lib/libgallium-24.3.4-arch1.1.so(+0x4dd5ec) [0x76f3514dd5ec]
6 /usr/lib/libc.so.6(+0x3f891) [0x76f354262891]
7 /usr/lib/libc.so.6(+0x3f95e) [0x76f35426295e]
8 maomao(+0x260de) [0x56f3131440de]
9 maomao(+0x20da9) [0x56f31313eda9]
10 maomao(+0x1b63a) [0x56f31313963a]
11 maomao(+0x1b86a) [0x56f31313986a]
12 /usr/lib/libwayland-server.so.0(wl_signal_emit_mutable+0x7e) [0x76f35461d47e]
13 /usr/lib/libwlroots.so.12(wlr_keyboard_notify_key+0x3d) [0x76f3545685f0]
14 /usr/lib/libwlroots.so.12(+0x6cbfd) [0x76f354522bfd]
15 /usr/lib/libwlroots.so.12(+0x6c6be) [0x76f3545226be]
16 /usr/lib/libwlroots.so.12(+0x6b708) [0x76f354521708]
17 /usr/lib/libwayland-server.so.0(wl_event_loop_dispatch+0x1f2) [0x76f35461f112]
18 /usr/lib/libwayland-server.so.0(wl_display_run+0x37) [0x76f3546211f7]
19 maomao(+0x1eeb2) [0x56f31313ceb2]
20 maomao(+0x25f81) [0x56f313143f81]
21 /usr/lib/libc.so.6(+0x25e08) [0x76f354248e08]
22 /usr/lib/libc.so.6(__libc_start_main+0x8c) [0x76f354248ecc]
23 maomao(+0xd605) [0x56f31312b605]
Received signal 11:
0 maomao(+0x1ff29) [0x56f31313df29]
1 /usr/lib/libc.so.6(+0x3d1d0) [0x76f3542601d0]
2 /usr/lib/libc.so.6(+0x960c4) [0x76f3542b90c4]
3 /usr/lib/libgallium-24.3.4-arch1.1.so(+0x5129b7) [0x76f3515129b7]
4 /usr/lib/libgallium-24.3.4-arch1.1.so(+0x4dd558) [0x76f3514dd558]
5 /usr/lib/libgallium-24.3.4-arch1.1.so(+0x4dd5ec) [0x76f3514dd5ec]
6 /usr/lib/libc.so.6(+0x3f891) [0x76f354262891]
7 /usr/lib/libc.so.6(+0x3f95e) [0x76f35426295e]
8 maomao(+0x260de) [0x56f3131440de]
9 maomao(+0x20da9) [0x56f31313eda9]
10 maomao(+0x1b63a) [0x56f31313963a]
11 maomao(+0x1b86a) [0x56f31313986a]
12 /usr/lib/libwayland-server.so.0(wl_signal_emit_mutable+0x7e) [0x76f35461d47e]
13 /usr/lib/libwlroots.so.12(wlr_keyboard_notify_key+0x3d) [0x76f3545685f0]
14 /usr/lib/libwlroots.so.12(+0x6cbfd) [0x76f354522bfd]
15 /usr/lib/libwlroots.so.12(+0x6c6be) [0x76f3545226be]
16 /usr/lib/libwlroots.so.12(+0x6b708) [0x76f354521708]
17 /usr/lib/libwayland-server.so.0(wl_event_loop_dispatch+0x1f2) [0x76f35461f112]
18 /usr/lib/libwayland-server.so.0(wl_display_run+0x37) [0x76f3546211f7]
19 maomao(+0x1eeb2) [0x56f31313ceb2]
20 maomao(+0x25f81) [0x56f313143f81]
21 /usr/lib/libc.so.6(+0x25e08) [0x76f354248e08]
22 /usr/lib/libc.so.6(__libc_start_main+0x8c) [0x76f354248ecc]
23 maomao(+0xd605) [0x56f31312b605]
Received signal 11:
0 maomao(+0x1ff29) [0x56f31313df29]
1 /usr/lib/libc.so.6(+0x3d1d0) [0x76f3542601d0]
2 /usr/lib/libc.so.6(+0x960c4) [0x76f3542b90c4]
3 /usr/lib/libgallium-24.3.4-arch1.1.so(+0x5129b7) [0x76f3515129b7]
4 /usr/lib/libgallium-24.3.4-arch1.1.so(+0x4dd558) [0x76f3514dd558]
5 /usr/lib/libgallium-24.3.4-arch1.1.so(+0x4dd5ec) [0x76f3514dd5ec]
6 /usr/lib/libc.so.6(+0x3f891) [0x76f354262891]
7 /usr/lib/libc.so.6(+0x3f95e) [0x76f35426295e]
8 maomao(+0x260de) [0x56f3131440de]
9 maomao(+0x20da9) [0x56f31313eda9]
10 maomao(+0x1b63a) [0x56f31313963a]
11 maomao(+0x1b86a) [0x56f31313986a]
12 /usr/lib/libwayland-server.so.0(wl_signal_emit_mutable+0x7e) [0x76f35461d47e]
13 /usr/lib/libwlroots.so.12(wlr_keyboard_notify_key+0x3d) [0x76f3545685f0]
14 /usr/lib/libwlroots.so.12(+0x6cbfd) [0x76f354522bfd]
15 /usr/lib/libwlroots.so.12(+0x6c6be) [0x76f3545226be]
16 /usr/lib/libwlroots.so.12(+0x6b708) [0x76f354521708]
17 /usr/lib/libwayland-server.so.0(wl_event_loop_dispatch+0x1f2) [0x76f35461f112]
18 /usr/lib/libwayland-server.so.0(wl_display_run+0x37) [0x76f3546211f7]
19 maomao(+0x1eeb2) [0x56f31313ceb2]
20 maomao(+0x25f81) [0x56f313143f81]
21 /usr/lib/libc.so.6(+0x25e08) [0x76f354248e08]
22 /usr/lib/libc.so.6(__libc_start_main+0x8c) [0x76f354248ecc]
23 maomao(+0xd605) [0x56f31312b605]
Received signal 11:
0 maomao(+0x1ff29) [0x56f31313df29]
1 /usr/lib/libc.so.6(+0x3d1d0) [0x76f3542601d0]
2 /usr/lib/libc.so.6(+0x960c4) [0x76f3542b90c4]
3 /usr/lib/libgallium-24.3.4-arch1.1.so(+0x5129b7) [0x76f3515129b7]
4 /usr/lib/libgallium-24.3.4-arch1.1.so(+0x4dd558) [0x76f3514dd558]
5 /usr/lib/libgallium-24.3.4-arch1.1.so(+0x4dd5ec) [0x76f3514dd5ec]
6 /usr/lib/libc.so.6(+0x3f891) [0x76f354262891]
7 /usr/lib/libc.so.6(+0x3f95e) [0x76f35426295e]
8 maomao(+0x260de) [0x56f3131440de]
9 maomao(+0x20da9) [0x56f31313eda9]
10 maomao(+0x1b63a) [0x56f31313963a]
11 maomao(+0x1b86a) [0x56f31313986a]
12 /usr/lib/libwayland-server.so.0(wl_signal_emit_mutable+0x7e) [0x76f35461d47e]
13 /usr/lib/libwlroots.so.12(wlr_keyboard_notify_key+0x3d) [0x76f3545685f0]
14 /usr/lib/libwlroots.so.12(+0x6cbfd) [0x76f354522bfd]
15 /usr/lib/libwlroots.so.12(+0x6c6be) [0x76f3545226be]
16 /usr/lib/libwlroots.so.12(+0x6b708) [0x76f354521708]
17 /usr/lib/libwayland-server.so.0(wl_event_loop_dispatch+0x1f2) [0x76f35461f112]
18 /usr/lib/libwayland-server.so.0(wl_display_run+0x37) [0x76f3546211f7]
19 maomao(+0x1eeb2) [0x56f31313ceb2]
20 maomao(+0x25f81) [0x56f313143f81]
21 /usr/lib/libc.so.6(+0x25e08) [0x76f354248e08]
22 /usr/lib/libc.so.6(__libc_start_main+0x8c) [0x76f354248ecc]
23 maomao(+0xd605) [0x56f31312b605]
Received signal 11:
0 maomao(+0x1ff29) [0x56f31313df29]
1 /usr/lib/libc.so.6(+0x3d1d0) [0x76f3542601d0]
2 /usr/lib/libc.so.6(+0x960c4) [0x76f3542b90c4]
3 /usr/lib/libgallium-24.3.4-arch1.1.so(+0x5129b7) [0x76f3515129b7]
4 /usr/lib/libgallium-24.3.4-arch1.1.so(+0x4dd558) [0x76f3514dd558]
5 /usr/lib/libgallium-24.3.4-arch1.1.so(+0x4dd5ec) [0x76f3514dd5ec]
6 /usr/lib/libc.so.6(+0x3f891) [0x76f354262891]
7 /usr/lib/libc.so.6(+0x3f95e) [0x76f35426295e]
8 maomao(+0x260de) [0x56f3131440de]
9 maomao(+0x20da9) [0x56f31313eda9]
10 maomao(+0x1b63a) [0x56f31313963a]
11 maomao(+0x1b86a) [0x56f31313986a]
12 /usr/lib/libwayland-server.so.0(wl_signal_emit_mutable+0x7e) [0x76f35461d47e]
13 /usr/lib/libwlroots.so.12(wlr_keyboard_notify_key+0x3d) [0x76f3545685f0]
14 /usr/lib/libwlroots.so.12(+0x6cbfd) [0x76f354522bfd]
15 /usr/lib/libwlroots.so.12(+0x6c6be) [0x76f3545226be]
16 /usr/lib/libwlroots.so.12(+0x6b708) [0x76f354521708]
17 /usr/lib/libwayland-server.so.0(wl_event_loop_dispatch+0x1f2) [0x76f35461f112]
18 /usr/lib/libwayland-server.so.0(wl_display_run+0x37) [0x76f3546211f7]
19 maomao(+0x1eeb2) [0x56f31313ceb2]
20 maomao(+0x25f81) [0x56f313143f81]
21 /usr/lib/libc.so.6(+0x25e08) [0x76f354248e08]
22 /usr/lib/libc.so.6(__libc_start_main+0x8c) [0x76f354248ecc]
23 maomao(+0xd605) [0x56f31312b605]
Received signal 11:
0 maomao(+0x1ff29) [0x56f31313df29]
1 /usr/lib/libc.so.6(+0x3d1d0) [0x76f3542601d0]
2 /usr/lib/libc.so.6(+0x960c4) [0x76f3542b90c4]
3 /usr/lib/libgallium-24.3.4-arch1.1.so(+0x5129b7) [0x76f3515129b7]
4 /usr/lib/libgallium-24.3.4-arch1.1.so(+0x4dd558) [0x76f3514dd558]
5 /usr/lib/libgallium-24.3.4-arch1.1.so(+0x4dd5ec) [0x76f3514dd5ec]
6 /usr/lib/libc.so.6(+0x3f891) [0x76f354262891]
7 /usr/lib/libc.so.6(+0x3f95e) [0x76f35426295e]
8 maomao(+0x260de) [0x56f3131440de]
9 maomao(+0x20da9) [0x56f31313eda9]
10 maomao(+0x1b63a) [0x56f31313963a]
11 maomao(+0x1b86a) [0x56f31313986a]
12 /usr/lib/libwayland-server.so.0(wl_signal_emit_mutable+0x7e) [0x76f35461d47e]
13 /usr/lib/libwlroots.so.12(wlr_keyboard_notify_key+0x3d) [0x76f3545685f0]
14 /usr/lib/libwlroots.so.12(+0x6cbfd) [0x76f354522bfd]
15 /usr/lib/libwlroots.so.12(+0x6c6be) [0x76f3545226be]
16 /usr/lib/libwlroots.so.12(+0x6b708) [0x76f354521708]
17 /usr/lib/libwayland-server.so.0(wl_event_loop_dispatch+0x1f2) [0x76f35461f112]
18 /usr/lib/libwayland-server.so.0(wl_display_run+0x37) [0x76f3546211f7]
19 maomao(+0x1eeb2) [0x56f31313ceb2]
20 maomao(+0x25f81) [0x56f313143f81]
21 /usr/lib/libc.so.6(+0x25e08) [0x76f354248e08]
22 /usr/lib/libc.so.6(__libc_start_main+0x8c) [0x76f354248ecc]
23 maomao(+0xd605) [0x56f31312b605]
Received signal 11:
0 maomao(+0x1ff29) [0x56f31313df29]
1 /usr/lib/libc.so.6(+0x3d1d0) [0x76f3542601d0]
2 /usr/lib/libc.so.6(+0x960c4) [0x76f3542b90c4]
3 /usr/lib/libgallium-24.3.4-arch1.1.so(+0x5129b7) [0x76f3515129b7]
4 /usr/lib/libgallium-24.3.4-arch1.1.so(+0x4dd558) [0x76f3514dd558]
5 /usr/lib/libgallium-24.3.4-arch1.1.so(+0x4dd5ec) [0x76f3514dd5ec]
6 /usr/lib/libc.so.6(+0x3f891) [0x76f354262891]
7 /usr/lib/libc.so.6(+0x3f95e) [0x76f35426295e]
8 maomao(+0x260de) [0x56f3131440de]
9 maomao(+0x20da9) [0x56f31313eda9]
10 maomao(+0x1b63a) [0x56f31313963a]
11 maomao(+0x1b86a) [0x56f31313986a]
12 /usr/lib/libwayland-server.so.0(wl_signal_emit_mutable+0x7e) [0x76f35461d47e]
13 /usr/lib/libwlroots.so.12(wlr_keyboard_notify_key+0x3d) [0x76f3545685f0]
14 /usr/lib/libwlroots.so.12(+0x6cbfd) [0x76f354522bfd]
15 /usr/lib/libwlroots.so.12(+0x6c6be) [0x76f3545226be]
16 /usr/lib/libwlroots.so.12(+0x6b708) [0x76f354521708]
17 /usr/lib/libwayland-server.so.0(wl_event_loop_dispatch+0x1f2) [0x76f35461f112]
18 /usr/lib/libwayland-server.so.0(wl_display_run+0x37) [0x76f3546211f7]
19 maomao(+0x1eeb2) [0x56f31313ceb2]
20 maomao(+0x25f81) [0x56f313143f81]
21 /usr/lib/libc.so.6(+0x25e08) [0x76f354248e08]
22 /usr/lib/libc.so.6(__libc_start_main+0x8c) [0x76f354248ecc]
23 maomao(+0xd605) [0x56f31312b605]
Received signal 11:
0 maomao(+0x1ff29) [0x56f31313df29]
1 /usr/lib/libc.so.6(+0x3d1d0) [0x76f3542601d0]
2 /usr/lib/libc.so.6(+0x960c4) [0x76f3542b90c4]
3 /usr/lib/libgallium-24.3.4-arch1.1.so(+0x5129b7) [0x76f3515129b7]
4 /usr/lib/libgallium-24.3.4-arch1.1.so(+0x4dd558) [0x76f3514dd558]
5 /usr/lib/libgallium-24.3.4-arch1.1.so(+0x4dd5ec) [0x76f3514dd5ec]
6 /usr/lib/libc.so.6(+0x3f891) [0x76f354262891]
7 /usr/lib/libc.so.6(+0x3f95e) [0x76f35426295e]
8 maomao(+0x260de) [0x56f3131440de]
9 maomao(+0x20da9) [0x56f31313eda9]
10 maomao(+0x1b63a) [0x56f31313963a]
11 maomao(+0x1b86a) [0x56f31313986a]
12 /usr/lib/libwayland-server.so.0(wl_signal_emit_mutable+0x7e) [0x76f35461d47e]
13 /usr/lib/libwlroots.so.12(wlr_keyboard_notify_key+0x3d) [0x76f3545685f0]
14 /usr/lib/libwlroots.so.12(+0x6cbfd) [0x76f354522bfd]
15 /usr/lib/libwlroots.so.12(+0x6c6be) [0x76f3545226be]
16 /usr/lib/libwlroots.so.12(+0x6b708) [0x76f354521708]
17 /usr/lib/libwayland-server.so.0(wl_event_loop_dispatch+0x1f2) [0x76f35461f112]
18 /usr/lib/libwayland-server.so.0(wl_display_run+0x37) [0x76f3546211f7]
19 maomao(+0x1eeb2) [0x56f31313ceb2]
20 maomao(+0x25f81) [0x56f313143f81]
21 /usr/lib/libc.so.6(+0x25e08) [0x76f354248e08]
22 /usr/lib/libc.so.6(__libc_start_main+0x8c) [0x76f354248ecc]
23 maomao(+0xd605) [0x56f31312b605]
Received signal 11:
0 maomao(+0x1ff29) [0x56f31313df29]
1 /usr/lib/libc.so.6(+0x3d1d0) [0x76f3542601d0]
2 /usr/lib/libc.so.6(+0x960c4) [0x76f3542b90c4]
3 /usr/lib/libgallium-24.3.4-arch1.1.so(+0x5129b7) [0x76f3515129b7]
4 /usr/lib/libgallium-24.3.4-arch1.1.so(+0x4dd558) [0x76f3514dd558]
5 /usr/lib/libgallium-24.3.4-arch1.1.so(+0x4dd5ec) [0x76f3514dd5ec]
6 /usr/lib/libc.so.6(+0x3f891) [0x76f354262891]
7 /usr/lib/libc.so.6(+0x3f95e) [0x76f35426295e]
8 maomao(+0x260de) [0x56f3131440de]
9 maomao(+0x20da9) [0x56f31313eda9]
10 maomao(+0x1b63a) [0x56f31313963a]
11 maomao(+0x1b86a) [0x56f31313986a]
12 /usr/lib/libwayland-server.so.0(wl_signal_emit_mutable+0x7e) [0x76f35461d47e]
13 /usr/lib/libwlroots.so.12(wlr_keyboard_notify_key+0x3d) [0x76f3545685f0]
14 /usr/lib/libwlroots.so.12(+0x6cbfd) [0x76f354522bfd]
15 /usr/lib/libwlroots.so.12(+0x6c6be) [0x76f3545226be]
16 /usr/lib/libwlroots.so.12(+0x6b708) [0x76f354521708]
17 /usr/lib/libwayland-server.so.0(wl_event_loop_dispatch+0x1f2) [0x76f35461f112]
18 /usr/lib/libwayland-server.so.0(wl_display_run+0x37) [0x76f3546211f7]
19 maomao(+0x1eeb2) [0x56f31313ceb2]
20 maomao(+0x25f81) [0x56f313143f81]
21 /usr/lib/libc.so.6(+0x25e08) [0x76f354248e08]
22 /usr/lib/libc.so.6(__libc_start_main+0x8c) [0x76f354248ecc]
23 maomao(+0xd605) [0x56f31312b605]
Received signal 11:
0 maomao(+0x1ff29) [0x56f31313df29]
1 /usr/lib/libc.so.6(+0x3d1d0) [0x76f3542601d0]
2 /usr/lib/libc.so.6(+0x960c4) [0x76f3542b90c4]
3 /usr/lib/libgallium-24.3.4-arch1.1.so(+0x5129b7) [0x76f3515129b7]
4 /usr/lib/libgallium-24.3.4-arch1.1.so(+0x4dd558) [0x76f3514dd558]
5 /usr/lib/libgallium-24.3.4-arch1.1.so(+0x4dd5ec) [0x76f3514dd5ec]
6 /usr/lib/libc.so.6(+0x3f891) [0x76f354262891]
7 /usr/lib/libc.so.6(+0x3f95e) [0x76f35426295e]
8 maomao(+0x260de) [0x56f3131440de]
9 maomao(+0x20da9) [0x56f31313eda9]
10 maomao(+0x1b63a) [0x56f31313963a]
11 maomao(+0x1b86a) [0x56f31313986a]
12 /usr/lib/libwayland-server.so.0(wl_signal_emit_mutable+0x7e) [0x76f35461d47e]
13 /usr/lib/libwlroots.so.12(wlr_keyboard_notify_key+0x3d) [0x76f3545685f0]
14 /usr/lib/libwlroots.so.12(+0x6cbfd) [0x76f354522bfd]
15 /usr/lib/libwlroots.so.12(+0x6c6be) [0x76f3545226be]
16 /usr/lib/libwlroots.so.12(+0x6b708) [0x76f354521708]
17 /usr/lib/libwayland-server.so.0(wl_event_loop_dispatch+0x1f2) [0x76f35461f112]
18 /usr/lib/libwayland-server.so.0(wl_display_run+0x37) [0x76f3546211f7]
19 maomao(+0x1eeb2) [0x56f31313ceb2]
20 maomao(+0x25f81) [0x56f313143f81]
21 /usr/lib/libc.so.6(+0x25e08) [0x76f354248e08]
22 /usr/lib/libc.so.6(__libc_start_main+0x8c) [0x76f354248ecc]
23 maomao(+0xd605) [0x56f31312b605]
Received signal 11:
0 maomao(+0x1ff29) [0x56f31313df29]
1 /usr/lib/libc.so.6(+0x3d1d0) [0x76f3542601d0]
2 /usr/lib/libc.so.6(+0x960c4) [0x76f3542b90c4]
3 /usr/lib/libgallium-24.3.4-arch1.1.so(+0x5129b7) [0x76f3515129b7]
4 /usr/lib/libgallium-24.3.4-arch1.1.so(+0x4dd558) [0x76f3514dd558]
5 /usr/lib/libgallium-24.3.4-arch1.1.so(+0x4dd5ec) [0x76f3514dd5ec]
6 /usr/lib/libc.so.6(+0x3f891) [0x76f354262891]
7 /usr/lib/libc.so.6(+0x3f95e) [0x76f35426295e]
8 maomao(+0x260de) [0x56f3131440de]
9 maomao(+0x20da9) [0x56f31313eda9]
10 maomao(+0x1b63a) [0x56f31313963a]
11 maomao(+0x1b86a) [0x56f31313986a]
12 /usr/lib/libwayland-server.so.0(wl_signal_emit_mutable+0x7e) [0x76f35461d47e]
13 /usr/lib/libwlroots.so.12(wlr_keyboard_notify_key+0x3d) [0x76f3545685f0]
14 /usr/lib/libwlroots.so.12(+0x6cbfd) [0x76f354522bfd]
15 /usr/lib/libwlroots.so.12(+0x6c6be) [0x76f3545226be]
16 /usr/lib/libwlroots.so.12(+0x6b708) [0x76f354521708]
17 /usr/lib/libwayland-server.so.0(wl_event_loop_dispatch+0x1f2) [0x76f35461f112]
18 /usr/lib/libwayland-server.so.0(wl_display_run+0x37) [0x76f3546211f7]
19 maomao(+0x1eeb2) [0x56f31313ceb2]
20 maomao(+0x25f81) [0x56f313143f81]
21 /usr/lib/libc.so.6(+0x25e08) [0x76f354248e08]
22 /usr/lib/libc.so.6(__libc_start_main+0x8c) [0x76f354248ecc]
23 maomao(+0xd605) [0x56f31312b605]
Received signal 11:
0 maomao(+0x1ff29) [0x56f31313df29]
1 /usr/lib/libc.so.6(+0x3d1d0) [0x76f3542601d0]
2 /usr/lib/libc.so.6(+0x960c4) [0x76f3542b90c4]
3 /usr/lib/libgallium-24.3.4-arch1.1.so(+0x5129b7) [0x76f3515129b7]
4 /usr/lib/libgallium-24.3.4-arch1.1.so(+0x4dd558) [0x76f3514dd558]
5 /usr/lib/libgallium-24.3.4-arch1.1.so(+0x4dd5ec) [0x76f3514dd5ec]
6 /usr/lib/libc.so.6(+0x3f891) [0x76f354262891]
7 /usr/lib/libc.so.6(+0x3f95e) [0x76f35426295e]
8 maomao(+0x260de) [0x56f3131440de]
9 maomao(+0x20da9) [0x56f31313eda9]
10 maomao(+0x1b63a) [0x56f31313963a]
11 maomao(+0x1b86a) [0x56f31313986a]
12 /usr/lib/libwayland-server.so.0(wl_signal_emit_mutable+0x7e) [0x76f35461d47e]
13 /usr/lib/libwlroots.so.12(wlr_keyboard_notify_key+0x3d) [0x76f3545685f0]
14 /usr/lib/libwlroots.so.12(+0x6cbfd) [0x76f354522bfd]
15 /usr/lib/libwlroots.so.12(+0x6c6be) [0x76f3545226be]
16 /usr/lib/libwlroots.so.12(+0x6b708) [0x76f354521708]
17 /usr/lib/libwayland-server.so.0(wl_event_loop_dispatch+0x1f2) [0x76f35461f112]
18 /usr/lib/libwayland-server.so.0(wl_display_run+0x37) [0x76f3546211f7]
19 maomao(+0x1eeb2) [0x56f31313ceb2]
20 maomao(+0x25f81) [0x56f313143f81]
21 /usr/lib/libc.so.6(+0x25e08) [0x76f354248e08]
22 /usr/lib/libc.so.6(__libc_start_main+0x8c) [0x76f354248ecc]
23 maomao(+0xd605) [0x56f31312b605]
Received signal 11:
0 maomao(+0x1ff29) [0x56f31313df29]
1 /usr/lib/libc.so.6(+0x3d1d0) [0x76f3542601d0]
2 /usr/lib/libc.so.6(+0x960c4) [0x76f3542b90c4]
3 /usr/lib/libgallium-24.3.4-arch1.1.so(+0x5129b7) [0x76f3515129b7]
4 /usr/lib/libgallium-24.3.4-arch1.1.so(+0x4dd558) [0x76f3514dd558]
5 /usr/lib/libgallium-24.3.4-arch1.1.so(+0x4dd5ec) [0x76f3514dd5ec]
6 /usr/lib/libc.so.6(+0x3f891) [0x76f354262891]
7 /usr/lib/libc.so.6(+0x3f95e) [0x76f35426295e]
8 maomao(+0x260de) [0x56f3131440de]
9 maomao(+0x20da9) [0x56f31313eda9]
10 maomao(+0x1b63a) [0x56f31313963a]
11 maomao(+0x1b86a) [0x56f31313986a]
12 /usr/lib/libwayland-server.so.0(wl_signal_emit_mutable+0x7e) [0x76f35461d47e]
13 /usr/lib/libwlroots.so.12(wlr_keyboard_notify_key+0x3d) [0x76f3545685f0]
14 /usr/lib/libwlroots.so.12(+0x6cbfd) [0x76f354522bfd]
15 /usr/lib/libwlroots.so.12(+0x6c6be) [0x76f3545226be]
16 /usr/lib/libwlroots.so.12(+0x6b708) [0x76f354521708]
17 /usr/lib/libwayland-server.so.0(wl_event_loop_dispatch+0x1f2) [0x76f35461f112]
18 /usr/lib/libwayland-server.so.0(wl_display_run+0x37) [0x76f3546211f7]
19 maomao(+0x1eeb2) [0x56f31313ceb2]
20 maomao(+0x25f81) [0x56f313143f81]
21 /usr/lib/libc.so.6(+0x25e08) [0x76f354248e08]
22 /usr/lib/libc.so.6(__libc_start_main+0x8c) [0x76f354248ecc]
23 maomao(+0xd605) [0x56f31312b605]
Received signal 11:
0 maomao(+0x1ff29) [0x56f31313df29]
1 /usr/lib/libc.so.6(+0x3d1d0) [0x76f3542601d0]
2 /usr/lib/libc.so.6(+0x960c4) [0x76f3542b90c4]
3 /usr/lib/libgallium-24.3.4-arch1.1.so(+0x5129b7) [0x76f3515129b7]
4 /usr/lib/libgallium-24.3.4-arch1.1.so(+0x4dd558) [0x76f3514dd558]
5 /usr/lib/libgallium-24.3.4-arch1.1.so(+0x4dd5ec) [0x76f3514dd5ec]
6 /usr/lib/libc.so.6(+0x3f891) [0x76f354262891]
7 /usr/lib/libc.so.6(+0x3f95e) [0x76f35426295e]
8 maomao(+0x260de) [0x56f3131440de]
9 maomao(+0x20da9) [0x56f31313eda9]
10 maomao(+0x1b63a) [0x56f31313963a]
11 maomao(+0x1b86a) [0x56f31313986a]
12 /usr/lib/libwayland-server.so.0(wl_signal_emit_mutable+0x7e) [0x76f35461d47e]
13 /usr/lib/libwlroots.so.12(wlr_keyboard_notify_key+0x3d) [0x76f3545685f0]
14 /usr/lib/libwlroots.so.12(+0x6cbfd) [0x76f354522bfd]
15 /usr/lib/libwlroots.so.12(+0x6c6be) [0x76f3545226be]
16 /usr/lib/libwlroots.so.12(+0x6b708) [0x76f354521708]
17 /usr/lib/libwayland-server.so.0(wl_event_loop_dispatch+0x1f2) [0x76f35461f112]
18 /usr/lib/libwayland-server.so.0(wl_display_run+0x37) [0x76f3546211f7]
19 maomao(+0x1eeb2) [0x56f31313ceb2]
20 maomao(+0x25f81) [0x56f313143f81]
21 /usr/lib/libc.so.6(+0x25e08) [0x76f354248e08]
22 /usr/lib/libc.so.6(__libc_start_main+0x8c) [0x76f354248ecc]
23 maomao(+0xd605) [0x56f31312b605]
Received signal 11:
0 maomao(+0x1ff29) [0x56f31313df29]
1 /usr/lib/libc.so.6(+0x3d1d0) [0x76f3542601d0]
2 /usr/lib/libc.so.6(+0x960c4) [0x76f3542b90c4]
3 /usr/lib/libgallium-24.3.4-arch1.1.so(+0x5129b7) [0x76f3515129b7]
4 /usr/lib/libgallium-24.3.4-arch1.1.so(+0x4dd558) [0x76f3514dd558]
5 /usr/lib/libgallium-24.3.4-arch1.1.so(+0x4dd5ec) [0x76f3514dd5ec]
6 /usr/lib/libc.so.6(+0x3f891) [0x76f354262891]
7 /usr/lib/libc.so.6(+0x3f95e) [0x76f35426295e]
8 maomao(+0x260de) [0x56f3131440de]
9 maomao(+0x20da9) [0x56f31313eda9]
10 maomao(+0x1b63a) [0x56f31313963a]
11 maomao(+0x1b86a) [0x56f31313986a]
12 /usr/lib/libwayland-server.so.0(wl_signal_emit_mutable+0x7e) [0x76f35461d47e]
13 /usr/lib/libwlroots.so.12(wlr_keyboard_notify_key+0x3d) [0x76f3545685f0]
14 /usr/lib/libwlroots.so.12(+0x6cbfd) [0x76f354522bfd]
15 /usr/lib/libwlroots.so.12(+0x6c6be) [0x76f3545226be]
16 /usr/lib/libwlroots.so.12(+0x6b708) [0x76f354521708]
17 /usr/lib/libwayland-server.so.0(wl_event_loop_dispatch+0x1f2) [0x76f35461f112]
18 /usr/lib/libwayland-server.so.0(wl_display_run+0x37) [0x76f3546211f7]
19 maomao(+0x1eeb2) [0x56f31313ceb2]
20 maomao(+0x25f81) [0x56f313143f81]
21 /usr/lib/libc.so.6(+0x25e08) [0x76f354248e08]
22 /usr/lib/libc.so.6(__libc_start_main+0x8c) [0x76f354248ecc]
23 maomao(+0xd605) [0x56f31312b605]
Received signal 11:
0 maomao(+0x1ff29) [0x56f31313df29]
1 /usr/lib/libc.so.6(+0x3d1d0) [0x76f3542601d0]
2 /usr/lib/libc.so.6(+0x960c4) [0x76f3542b90c4]
3 /usr/lib/libgallium-24.3.4-arch1.1.so(+0x5129b7) [0x76f3515129b7]
4 /usr/lib/libgallium-24.3.4-arch1.1.so(+0x4dd558) [0x76f3514dd558]
5 /usr/lib/libgallium-24.3.4-arch1.1.so(+0x4dd5ec) [0x76f3514dd5ec]
6 /usr/lib/libc.so.6(+0x3f891) [0x76f354262891]
7 /usr/lib/libc.so.6(+0x3f95e) [0x76f35426295e]
8 maomao(+0x260de) [0x56f3131440de]
9 maomao(+0x20da9) [0x56f31313eda9]
10 maomao(+0x1b63a) [0x56f31313963a]
11 maomao(+0x1b86a) [0x56f31313986a]
12 /usr/lib/libwayland-server.so.0(wl_signal_emit_mutable+0x7e) [0x76f35461d47e]
13 /usr/lib/libwlroots.so.12(wlr_keyboard_notify_key+0x3d) [0x76f3545685f0]
14 /usr/lib/libwlroots.so.12(+0x6cbfd) [0x76f354522bfd]
15 /usr/lib/libwlroots.so.12(+0x6c6be) [0x76f3545226be]
16 /usr/lib/libwlroots.so.12(+0x6b708) [0x76f354521708]
17 /usr/lib/libwayland-server.so.0(wl_event_loop_dispatch+0x1f2) [0x76f35461f112]
18 /usr/lib/libwayland-server.so.0(wl_display_run+0x37) [0x76f3546211f7]
19 maomao(+0x1eeb2) [0x56f31313ceb2]
20 maomao(+0x25f81) [0x56f313143f81]
21 /usr/lib/libc.so.6(+0x25e08) [0x76f354248e08]
22 /usr/lib/libc.so.6(__libc_start_main+0x8c) [0x76f354248ecc]
23 maomao(+0xd605) [0x56f31312b605]
Received signal 11:
0 maomao(+0x1ff29) [0x56f31313df29]
1 /usr/lib/libc.so.6(+0x3d1d0) [0x76f3542601d0]
2 /usr/lib/libc.so.6(+0x960c4) [0x76f3542b90c4]
3 /usr/lib/libgallium-24.3.4-arch1.1.so(+0x5129b7) [0x76f3515129b7]
4 /usr/lib/libgallium-24.3.4-arch1.1.so(+0x4dd558) [0x76f3514dd558]
5 /usr/lib/libgallium-24.3.4-arch1.1.so(+0x4dd5ec) [0x76f3514dd5ec]
6 /usr/lib/libc.so.6(+0x3f891) [0x76f354262891]
7 /usr/lib/libc.so.6(+0x3f95e) [0x76f35426295e]
8 maomao(+0x260de) [0x56f3131440de]
9 maomao(+0x20da9) [0x56f31313eda9]
10 maomao(+0x1b63a) [0x56f31313963a]
11 maomao(+0x1b86a) [0x56f31313986a]
12 /usr/lib/libwayland-server.so.0(wl_signal_emit_mutable+0x7e) [0x76f35461d47e]
13 /usr/lib/libwlroots.so.12(wlr_keyboard_notify_key+0x3d) [0x76f3545685f0]
14 /usr/lib/libwlroots.so.12(+0x6cbfd) [0x76f354522bfd]
15 /usr/lib/libwlroots.so.12(+0x6c6be) [0x76f3545226be]
16 /usr/lib/libwlroots.so.12(+0x6b708) [0x76f354521708]
17 /usr/lib/libwayland-server.so.0(wl_event_loop_dispatch+0x1f2) [0x76f35461f112]
18 /usr/lib/libwayland-server.so.0(wl_display_run+0x37) [0x76f3546211f7]
19 maomao(+0x1eeb2) [0x56f31313ceb2]
20 maomao(+0x25f81) [0x56f313143f81]
21 /usr/lib/libc.so.6(+0x25e08) [0x76f354248e08]
22 /usr/lib/libc.so.6(__libc_start_main+0x8c) [0x76f354248ecc]
23 maomao(+0xd605) [0x56f31312b605]
Received signal 11:
0 maomao(+0x1ff29) [0x56f31313df29]
1 /usr/lib/libc.so.6(+0x3d1d0) [0x76f3542601d0]
2 /usr/lib/libc.so.6(+0x960c4) [0x76f3542b90c4]
3 /usr/lib/libgallium-24.3.4-arch1.1.so(+0x5129b7) [0x76f3515129b7]
4 /usr/lib/libgallium-24.3.4-arch1.1.so(+0x4dd558) [0x76f3514dd558]
5 /usr/lib/libgallium-24.3.4-arch1.1.so(+0x4dd5ec) [0x76f3514dd5ec]
6 /usr/lib/libc.so.6(+0x3f891) [0x76f354262891]
7 /usr/lib/libc.so.6(+0x3f95e) [0x76f35426295e]
8 maomao(+0x260de) [0x56f3131440de]
9 maomao(+0x20da9) [0x56f31313eda9]
10 maomao(+0x1b63a) [0x56f31313963a]
11 maomao(+0x1b86a) [0x56f31313986a]
12 /usr/lib/libwayland-server.so.0(wl_signal_emit_mutable+0x7e) [0x76f35461d47e]
13 /usr/lib/libwlroots.so.12(wlr_keyboard_notify_key+0x3d) [0x76f3545685f0]
14 /usr/lib/libwlroots.so.12(+0x6cbfd) [0x76f354522bfd]
15 /usr/lib/libwlroots.so.12(+0x6c6be) [0x76f3545226be]
16 /usr/lib/libwlroots.so.12(+0x6b708) [0x76f354521708]
17 /usr/lib/libwayland-server.so.0(wl_event_loop_dispatch+0x1f2) [0x76f35461f112]
18 /usr/lib/libwayland-server.so.0(wl_display_run+0x37) [0x76f3546211f7]
19 maomao(+0x1eeb2) [0x56f31313ceb2]
20 maomao(+0x25f81) [0x56f313143f81]
21 /usr/lib/libc.so.6(+0x25e08) [0x76f354248e08]
22 /usr/lib/libc.so.6(__libc_start_main+0x8c) [0x76f354248ecc]
23 maomao(+0xd605) [0x56f31312b605]
Received signal 11:
0 maomao(+0x1ff29) [0x56f31313df29]
1 /usr/lib/libc.so.6(+0x3d1d0) [0x76f3542601d0]
2 /usr/lib/libc.so.6(+0x960c4) [0x76f3542b90c4]
3 /usr/lib/libgallium-24.3.4-arch1.1.so(+0x5129b7) [0x76f3515129b7]
4 /usr/lib/libgallium-24.3.4-arch1.1.so(+0x4dd558) [0x76f3514dd558]
5 /usr/lib/libgallium-24.3.4-arch1.1.so(+0x4dd5ec) [0x76f3514dd5ec]
6 /usr/lib/libc.so.6(+0x3f891) [0x76f354262891]
7 /usr/lib/libc.so.6(+0x3f95e) [0x76f35426295e]
8 maomao(+0x260de) [0x56f3131440de]
9 maomao(+0x20da9) [0x56f31313eda9]
10 maomao(+0x1b63a) [0x56f31313963a]
11 maomao(+0x1b86a) [0x56f31313986a]
12 /usr/lib/libwayland-server.so.0(wl_signal_emit_mutable+0x7e) [0x76f35461d47e]
13 /usr/lib/libwlroots.so.12(wlr_keyboard_notify_key+0x3d) [0x76f3545685f0]
14 /usr/lib/libwlroots.so.12(+0x6cbfd) [0x76f354522bfd]
15 /usr/lib/libwlroots.so.12(+0x6c6be) [0x76f3545226be]
16 /usr/lib/libwlroots.so.12(+0x6b708) [0x76f354521708]
17 /usr/lib/libwayland-server.so.0(wl_event_loop_dispatch+0x1f2) [0x76f35461f112]
18 /usr/lib/libwayland-server.so.0(wl_display_run+0x37) [0x76f3546211f7]
19 maomao(+0x1eeb2) [0x56f31313ceb2]
20 maomao(+0x25f81) [0x56f313143f81]
21 /usr/lib/libc.so.6(+0x25e08) [0x76f354248e08]
22 /usr/lib/libc.so.6(__libc_start_main+0x8c) [0x76f354248ecc]
23 maomao(+0xd605) [0x56f31312b605]
Received signal 11:
0 maomao(+0x1ff29) [0x56f31313df29]
1 /usr/lib/libc.so.6(+0x3d1d0) [0x76f3542601d0]
2 /usr/lib/libc.so.6(+0x960c4) [0x76f3542b90c4]
3 /usr/lib/libgallium-24.3.4-arch1.1.so(+0x5129b7) [0x76f3515129b7]
4 /usr/lib/libgallium-24.3.4-arch1.1.so(+0x4dd558) [0x76f3514dd558]
5 /usr/lib/libgallium-24.3.4-arch1.1.so(+0x4dd5ec) [0x76f3514dd5ec]
6 /usr/lib/libc.so.6(+0x3f891) [0x76f354262891]
7 /usr/lib/libc.so.6(+0x3f95e) [0x76f35426295e]
8 maomao(+0x260de) [0x56f3131440de]
9 maomao(+0x20da9) [0x56f31313eda9]
10 maomao(+0x1b63a) [0x56f31313963a]
11 maomao(+0x1b86a) [0x56f31313986a]
12 /usr/lib/libwayland-server.so.0(wl_signal_emit_mutable+0x7e) [0x76f35461d47e]
13 /usr/lib/libwlroots.so.12(wlr_keyboard_notify_key+0x3d) [0x76f3545685f0]
14 /usr/lib/libwlroots.so.12(+0x6cbfd) [0x76f354522bfd]
15 /usr/lib/libwlroots.so.12(+0x6c6be) [0x76f3545226be]
16 /usr/lib/libwlroots.so.12(+0x6b708) [0x76f354521708]
17 /usr/lib/libwayland-server.so.0(wl_event_loop_dispatch+0x1f2) [0x76f35461f112]
18 /usr/lib/libwayland-server.so.0(wl_display_run+0x37) [0x76f3546211f7]
19 maomao(+0x1eeb2) [0x56f31313ceb2]
20 maomao(+0x25f81) [0x56f313143f81]
21 /usr/lib/libc.so.6(+0x25e08) [0x76f354248e08]
22 /usr/lib/libc.so.6(__libc_start_main+0x8c) [0x76f354248ecc]
23 maomao(+0xd605) [0x56f31312b605]
Received signal 11:
0 maomao(+0x1ff29) [0x56f31313df29]
1 /usr/lib/libc.so.6(+0x3d1d0) [0x76f3542601d0]
2 /usr/lib/libc.so.6(+0x960c4) [0x76f3542b90c4]
3 /usr/lib/libgallium-24.3.4-arch1.1.so(+0x5129b7) [0x76f3515129b7]
4 /usr/lib/libgallium-24.3.4-arch1.1.so(+0x4dd558) [0x76f3514dd558]
5 /usr/lib/libgallium-24.3.4-arch1.1.so(+0x4dd5ec) [0x76f3514dd5ec]
6 /usr/lib/libc.so.6(+0x3f891) [0x76f354262891]
7 /usr/lib/libc.so.6(+0x3f95e) [0x76f35426295e]
8 maomao(+0x260de) [0x56f3131440de]
9 maomao(+0x20da9) [0x56f31313eda9]
10 maomao(+0x1b63a) [0x56f31313963a]
11 maomao(+0x1b86a) [0x56f31313986a]
12 /usr/lib/libwayland-server.so.0(wl_signal_emit_mutable+0x7e) [0x76f35461d47e]
13 /usr/lib/libwlroots.so.12(wlr_keyboard_notify_key+0x3d) [0x76f3545685f0]
14 /usr/lib/libwlroots.so.12(+0x6cbfd) [0x76f354522bfd]
15 /usr/lib/libwlroots.so.12(+0x6c6be) [0x76f3545226be]
16 /usr/lib/libwlroots.so.12(+0x6b708) [0x76f354521708]
17 /usr/lib/libwayland-server.so.0(wl_event_loop_dispatch+0x1f2) [0x76f35461f112]
18 /usr/lib/libwayland-server.so.0(wl_display_run+0x37) [0x76f3546211f7]
19 maomao(+0x1eeb2) [0x56f31313ceb2]
20 maomao(+0x25f81) [0x56f313143f81]
21 /usr/lib/libc.so.6(+0x25e08) [0x76f354248e08]
22 /usr/lib/libc.so.6(__libc_start_main+0x8c) [0x76f354248ecc]
23 maomao(+0xd605) [0x56f31312b605]
Received signal 11:
0 maomao(+0x1ff29) [0x56f31313df29]
1 /usr/lib/libc.so.6(+0x3d1d0) [0x76f3542601d0]
2 /usr/lib/libc.so.6(+0x960c4) [0x76f3542b90c4]
3 /usr/lib/libgallium-24.3.4-arch1.1.so(+0x5129b7) [0x76f3515129b7]
4 /usr/lib/libgallium-24.3.4-arch1.1.so(+0x4dd558) [0x76f3514dd558]
5 /usr/lib/libgallium-24.3.4-arch1.1.so(+0x4dd5ec) [0x76f3514dd5ec]
6 /usr/lib/libc.so.6(+0x3f891) [0x76f354262891]
7 /usr/lib/libc.so.6(+0x3f95e) [0x76f35426295e]
8 maomao(+0x260de) [0x56f3131440de]
9 maomao(+0x20da9) [0x56f31313eda9]
10 maomao(+0x1b63a) [0x56f31313963a]
11 maomao(+0x1b86a) [0x56f31313986a]
12 /usr/lib/libwayland-server.so.0(wl_signal_emit_mutable+0x7e) [0x76f35461d47e]
13 /usr/lib/libwlroots.so.12(wlr_keyboard_notify_key+0x3d) [0x76f3545685f0]
14 /usr/lib/libwlroots.so.12(+0x6cbfd) [0x76f354522bfd]
15 /usr/lib/libwlroots.so.12(+0x6c6be) [0x76f3545226be]
16 /usr/lib/libwlroots.so.12(+0x6b708) [0x76f354521708]
17 /usr/lib/libwayland-server.so.0(wl_event_loop_dispatch+0x1f2) [0x76f35461f112]
18 /usr/lib/libwayland-server.so.0(wl_display_run+0x37) [0x76f3546211f7]
19 maomao(+0x1eeb2) [0x56f31313ceb2]
20 maomao(+0x25f81) [0x56f313143f81]
21 /usr/lib/libc.so.6(+0x25e08) [0x76f354248e08]
22 /usr/lib/libc.so.6(__libc_start_main+0x8c) [0x76f354248ecc]
23 maomao(+0xd605) [0x56f31312b605]
Received signal 11:
0 maomao(+0x1ff29) [0x56f31313df29]
1 /usr/lib/libc.so.6(+0x3d1d0) [0x76f3542601d0]
2 /usr/lib/libc.so.6(+0x960c4) [0x76f3542b90c4]
3 /usr/lib/libgallium-24.3.4-arch1.1.so(+0x5129b7) [0x76f3515129b7]
4 /usr/lib/libgallium-24.3.4-arch1.1.so(+0x4dd558) [0x76f3514dd558]
5 /usr/lib/libgallium-24.3.4-arch1.1.so(+0x4dd5ec) [0x76f3514dd5ec]
6 /usr/lib/libc.so.6(+0x3f891) [0x76f354262891]
7 /usr/lib/libc.so.6(+0x3f95e) [0x76f35426295e]
8 maomao(+0x260de) [0x56f3131440de]
9 maomao(+0x20da9) [0x56f31313eda9]
10 maomao(+0x1b63a) [0x56f31313963a]
11 maomao(+0x1b86a) [0x56f31313986a]
12 /usr/lib/libwayland-server.so.0(wl_signal_emit_mutable+0x7e) [0x76f35461d47e]
13 /usr/lib/libwlroots.so.12(wlr_keyboard_notify_key+0x3d) [0x76f3545685f0]
14 /usr/lib/libwlroots.so.12(+0x6cbfd) [0x76f354522bfd]
15 /usr/lib/libwlroots.so.12(+0x6c6be) [0x76f3545226be]
16 /usr/lib/libwlroots.so.12(+0x6b708) [0x76f354521708]
17 /usr/lib/libwayland-server.so.0(wl_event_loop_dispatch+0x1f2) [0x76f35461f112]
18 /usr/lib/libwayland-server.so.0(wl_display_run+0x37) [0x76f3546211f7]
19 maomao(+0x1eeb2) [0x56f31313ceb2]
20 maomao(+0x25f81) [0x56f313143f81]
21 /usr/lib/libc.so.6(+0x25e08) [0x76f354248e08]
22 /usr/lib/libc.so.6(__libc_start_main+0x8c) [0x76f354248ecc]
23 maomao(+0xd605) [0x56f31312b605]
Received signal 11:
0 maomao(+0x1ff29) [0x56f31313df29]
1 /usr/lib/libc.so.6(+0x3d1d0) [0x76f3542601d0]
2 /usr/lib/libc.so.6(+0x960c4) [0x76f3542b90c4]
3 /usr/lib/libgallium-24.3.4-arch1.1.so(+0x5129b7) [0x76f3515129b7]
4 /usr/lib/libgallium-24.3.4-arch1.1.so(+0x4dd558) [0x76f3514dd558]
5 /usr/lib/libgallium-24.3.4-arch1.1.so(+0x4dd5ec) [0x76f3514dd5ec]
6 /usr/lib/libc.so.6(+0x3f891) [0x76f354262891]
7 /usr/lib/libc.so.6(+0x3f95e) [0x76f35426295e]
8 maomao(+0x260de) [0x56f3131440de]
9 maomao(+0x20da9) [0x56f31313eda9]
10 maomao(+0x1b63a) [0x56f31313963a]
11 maomao(+0x1b86a) [0x56f31313986a]
12 /usr/lib/libwayland-server.so.0(wl_signal_emit_mutable+0x7e) [0x76f35461d47e]
13 /usr/lib/libwlroots.so.12(wlr_keyboard_notify_key+0x3d) [0x76f3545685f0]
14 /usr/lib/libwlroots.so.12(+0x6cbfd) [0x76f354522bfd]
15 /usr/lib/libwlroots.so.12(+0x6c6be) [0x76f3545226be]
16 /usr/lib/libwlroots.so.12(+0x6b708) [0x76f354521708]
17 /usr/lib/libwayland-server.so.0(wl_event_loop_dispatch+0x1f2) [0x76f35461f112]
18 /usr/lib/libwayland-server.so.0(wl_display_run+0x37) [0x76f3546211f7]
19 maomao(+0x1eeb2) [0x56f31313ceb2]
20 maomao(+0x25f81) [0x56f313143f81]
21 /usr/lib/libc.so.6(+0x25e08) [0x76f354248e08]
22 /usr/lib/libc.so.6(__libc_start_main+0x8c) [0x76f354248ecc]
23 maomao(+0xd605) [0x56f31312b605]
Received signal 11:
0 maomao(+0x1ff29) [0x56f31313df29]
1 /usr/lib/libc.so.6(+0x3d1d0) [0x76f3542601d0]
2 /usr/lib/libc.so.6(+0x960c4) [0x76f3542b90c4]
3 /usr/lib/libgallium-24.3.4-arch1.1.so(+0x5129b7) [0x76f3515129b7]
4 /usr/lib/libgallium-24.3.4-arch1.1.so(+0x4dd558) [0x76f3514dd558]
5 /usr/lib/libgallium-24.3.4-arch1.1.so(+0x4dd5ec) [0x76f3514dd5ec]
6 /usr/lib/libc.so.6(+0x3f891) [0x76f354262891]
7 /usr/lib/libc.so.6(+0x3f95e) [0x76f35426295e]
8 maomao(+0x260de) [0x56f3131440de]
9 maomao(+0x20da9) [0x56f31313eda9]
10 maomao(+0x1b63a) [0x56f31313963a]
11 maomao(+0x1b86a) [0x56f31313986a]
12 /usr/lib/libwayland-server.so.0(wl_signal_emit_mutable+0x7e) [0x76f35461d47e]
13 /usr/lib/libwlroots.so.12(wlr_keyboard_notify_key+0x3d) [0x76f3545685f0]
14 /usr/lib/libwlroots.so.12(+0x6cbfd) [0x76f354522bfd]
15 /usr/lib/libwlroots.so.12(+0x6c6be) [0x76f3545226be]
16 /usr/lib/libwlroots.so.12(+0x6b708) [0x76f354521708]
17 /usr/lib/libwayland-server.so.0(wl_event_loop_dispatch+0x1f2) [0x76f35461f112]
18 /usr/lib/libwayland-server.so.0(wl_display_run+0x37) [0x76f3546211f7]
19 maomao(+0x1eeb2) [0x56f31313ceb2]
20 maomao(+0x25f81) [0x56f313143f81]
21 /usr/lib/libc.so.6(+0x25e08) [0x76f354248e08]
22 /usr/lib/libc.so.6(__libc_start_main+0x8c) [0x76f354248ecc]
23 maomao(+0xd605) [0x56f31312b605]
Received signal 11:
0 maomao(+0x1ff29) [0x56f31313df29]
1 /usr/lib/libc.so.6(+0x3d1d0) [0x76f3542601d0]
2 /usr/lib/libc.so.6(+0x960c4) [0x76f3542b90c4]
3 /usr/lib/libgallium-24.3.4-arch1.1.so(+0x5129b7) [0x76f3515129b7]
4 /usr/lib/libgallium-24.3.4-arch1.1.so(+0x4dd558) [0x76f3514dd558]
5 /usr/lib/libgallium-24.3.4-arch1.1.so(+0x4dd5ec) [0x76f3514dd5ec]
6 /usr/lib/libc.so.6(+0x3f891) [0x76f354262891]
7 /usr/lib/libc.so.6(+0x3f95e) [0x76f35426295e]
8 maomao(+0x260de) [0x56f3131440de]
9 maomao(+0x20da9) [0x56f31313eda9]
10 maomao(+0x1b63a) [0x56f31313963a]
11 maomao(+0x1b86a) [0x56f31313986a]
12 /usr/lib/libwayland-server.so.0(wl_signal_emit_mutable+0x7e) [0x76f35461d47e]
13 /usr/lib/libwlroots.so.12(wlr_keyboard_notify_key+0x3d) [0x76f3545685f0]
14 /usr/lib/libwlroots.so.12(+0x6cbfd) [0x76f354522bfd]
15 /usr/lib/libwlroots.so.12(+0x6c6be) [0x76f3545226be]
16 /usr/lib/libwlroots.so.12(+0x6b708) [0x76f354521708]
17 /usr/lib/libwayland-server.so.0(wl_event_loop_dispatch+0x1f2) [0x76f35461f112]
18 /usr/lib/libwayland-server.so.0(wl_display_run+0x37) [0x76f3546211f7]
19 maomao(+0x1eeb2) [0x56f31313ceb2]
20 maomao(+0x25f81) [0x56f313143f81]
21 /usr/lib/libc.so.6(+0x25e08) [0x76f354248e08]
22 /usr/lib/libc.so.6(__libc_start_main+0x8c) [0x76f354248ecc]
23 maomao(+0xd605) [0x56f31312b605]
Received signal 11:
0 maomao(+0x1ff29) [0x56f31313df29]
1 /usr/lib/libc.so.6(+0x3d1d0) [0x76f3542601d0]
2 /usr/lib/libc.so.6(+0x960c4) [0x76f3542b90c4]
3 /usr/lib/libgallium-24.3.4-arch1.1.so(+0x5129b7) [0x76f3515129b7]
4 /usr/lib/libgallium-24.3.4-arch1.1.so(+0x4dd558) [0x76f3514dd558]
5 /usr/lib/libgallium-24.3.4-arch1.1.so(+0x4dd5ec) [0x76f3514dd5ec]
6 /usr/lib/libc.so.6(+0x3f891) [0x76f354262891]
7 /usr/lib/libc.so.6(+0x3f95e) [0x76f35426295e]
8 maomao(+0x260de) [0x56f3131440de]
9 maomao(+0x20da9) [0x56f31313eda9]
10 maomao(+0x1b63a) [0x56f31313963a]
11 maomao(+0x1b86a) [0x56f31313986a]
12 /usr/lib/libwayland-server.so.0(wl_signal_emit_mutable+0x7e) [0x76f35461d47e]
13 /usr/lib/libwlroots.so.12(wlr_keyboard_notify_key+0x3d) [0x76f3545685f0]
14 /usr/lib/libwlroots.so.12(+0x6cbfd) [0x76f354522bfd]
15 /usr/lib/libwlroots.so.12(+0x6c6be) [0x76f3545226be]
16 /usr/lib/libwlroots.so.12(+0x6b708) [0x76f354521708]
17 /usr/lib/libwayland-server.so.0(wl_event_loop_dispatch+0x1f2) [0x76f35461f112]
18 /usr/lib/libwayland-server.so.0(wl_display_run+0x37) [0x76f3546211f7]
19 maomao(+0x1eeb2) [0x56f31313ceb2]
20 maomao(+0x25f81) [0x56f313143f81]
21 /usr/lib/libc.so.6(+0x25e08) [0x76f354248e08]
22 /usr/lib/libc.so.6(__libc_start_main+0x8c) [0x76f354248ecc]
23 maomao(+0xd605) [0x56f31312b605]
Received signal 11:
0 maomao(+0x1ff29) [0x56f31313df29]
1 /usr/lib/libc.so.6(+0x3d1d0) [0x76f3542601d0]
2 /usr/lib/libc.so.6(+0x960c4) [0x76f3542b90c4]
3 /usr/lib/libgallium-24.3.4-arch1.1.so(+0x5129b7) [0x76f3515129b7]
4 /usr/lib/libgallium-24.3.4-arch1.1.so(+0x4dd558) [0x76f3514dd558]
5 /usr/lib/libgallium-24.3.4-arch1.1.so(+0x4dd5ec) [0x76f3514dd5ec]
6 /usr/lib/libc.so.6(+0x3f891) [0x76f354262891]
7 /usr/lib/libc.so.6(+0x3f95e) [0x76f35426295e]
8 maomao(+0x260de) [0x56f3131440de]
9 maomao(+0x20da9) [0x56f31313eda9]
10 maomao(+0x1b63a) [0x56f31313963a]
11 maomao(+0x1b86a) [0x56f31313986a]
12 /usr/lib/libwayland-server.so.0(wl_signal_emit_mutable+0x7e) [0x76f35461d47e]
13 /usr/lib/libwlroots.so.12(wlr_keyboard_notify_key+0x3d) [0x76f3545685f0]
14 /usr/lib/libwlroots.so.12(+0x6cbfd) [0x76f354522bfd]
15 /usr/lib/libwlroots.so.12(+0x6c6be) [0x76f3545226be]
16 /usr/lib/libwlroots.so.12(+0x6b708) [0x76f354521708]
17 /usr/lib/libwayland-server.so.0(wl_event_loop_dispatch+0x1f2) [0x76f35461f112]
18 /usr/lib/libwayland-server.so.0(wl_display_run+0x37) [0x76f3546211f7]
19 maomao(+0x1eeb2) [0x56f31313ceb2]
20 maomao(+0x25f81) [0x56f313143f81]
21 /usr/lib/libc.so.6(+0x25e08) [0x76f354248e08]
22 /usr/lib/libc.so.6(__libc_start_main+0x8c) [0x76f354248ecc]
23 maomao(+0xd605) [0x56f31312b605]
Received signal 11:
0 maomao(+0x1ff29) [0x56f31313df29]
1 /usr/lib/libc.so.6(+0x3d1d0) [0x76f3542601d0]
2 /usr/lib/libc.so.6(+0x960c4) [0x76f3542b90c4]
3 /usr/lib/libgallium-24.3.4-arch1.1.so(+0x5129b7) [0x76f3515129b7]
4 /usr/lib/libgallium-24.3.4-arch1.1.so(+0x4dd558) [0x76f3514dd558]
5 /usr/lib/libgallium-24.3.4-arch1.1.so(+0x4dd5ec) [0x76f3514dd5ec]
6 /usr/lib/libc.so.6(+0x3f891) [0x76f354262891]
7 /usr/lib/libc.so.6(+0x3f95e) [0x76f35426295e]
8 maomao(+0x260de) [0x56f3131440de]
9 maomao(+0x20da9) [0x56f31313eda9]
10 maomao(+0x1b63a) [0x56f31313963a]
11 maomao(+0x1b86a) [0x56f31313986a]
12 /usr/lib/libwayland-server.so.0(wl_signal_emit_mutable+0x7e) [0x76f35461d47e]
13 /usr/lib/libwlroots.so.12(wlr_keyboard_notify_key+0x3d) [0x76f3545685f0]
14 /usr/lib/libwlroots.so.12(+0x6cbfd) [0x76f354522bfd]
15 /usr/lib/libwlroots.so.12(+0x6c6be) [0x76f3545226be]
16 /usr/lib/libwlroots.so.12(+0x6b708) [0x76f354521708]
17 /usr/lib/libwayland-server.so.0(wl_event_loop_dispatch+0x1f2) [0x76f35461f112]
18 /usr/lib/libwayland-server.so.0(wl_display_run+0x37) [0x76f3546211f7]
19 maomao(+0x1eeb2) [0x56f31313ceb2]
20 maomao(+0x25f81) [0x56f313143f81]
21 /usr/lib/libc.so.6(+0x25e08) [0x76f354248e08]
22 /usr/lib/libc.so.6(__libc_start_main+0x8c) [0x76f354248ecc]
23 maomao(+0xd605) [0x56f31312b605]
Received signal 11:
0 maomao(+0x1ff29) [0x56f31313df29]
1 /usr/lib/libc.so.6(+0x3d1d0) [0x76f3542601d0]
2 /usr/lib/libc.so.6(+0x960c4) [0x76f3542b90c4]
3 /usr/lib/libgallium-24.3.4-arch1.1.so(+0x5129b7) [0x76f3515129b7]
4 /usr/lib/libgallium-24.3.4-arch1.1.so(+0x4dd558) [0x76f3514dd558]
5 /usr/lib/libgallium-24.3.4-arch1.1.so(+0x4dd5ec) [0x76f3514dd5ec]
6 /usr/lib/libc.so.6(+0x3f891) [0x76f354262891]
7 /usr/lib/libc.so.6(+0x3f95e) [0x76f35426295e]
8 maomao(+0x260de) [0x56f3131440de]
9 maomao(+0x20da9) [0x56f31313eda9]
10 maomao(+0x1b63a) [0x56f31313963a]
11 maomao(+0x1b86a) [0x56f31313986a]
12 /usr/lib/libwayland-server.so.0(wl_signal_emit_mutable+0x7e) [0x76f35461d47e]
13 /usr/lib/libwlroots.so.12(wlr_keyboard_notify_key+0x3d) [0x76f3545685f0]
14 /usr/lib/libwlroots.so.12(+0x6cbfd) [0x76f354522bfd]
15 /usr/lib/libwlroots.so.12(+0x6c6be) [0x76f3545226be]
16 /usr/lib/libwlroots.so.12(+0x6b708) [0x76f354521708]
17 /usr/lib/libwayland-server.so.0(wl_event_loop_dispatch+0x1f2) [0x76f35461f112]
18 /usr/lib/libwayland-server.so.0(wl_display_run+0x37) [0x76f3546211f7]
19 maomao(+0x1eeb2) [0x56f31313ceb2]
20 maomao(+0x25f81) [0x56f313143f81]
21 /usr/lib/libc.so.6(+0x25e08) [0x76f354248e08]
22 /usr/lib/libc.so.6(__libc_start_main+0x8c) [0x76f354248ecc]
23 maomao(+0xd605) [0x56f31312b605]
Received signal 11:
0 maomao(+0x1ff29) [0x56f31313df29]
1 /usr/lib/libc.so.6(+0x3d1d0) [0x76f3542601d0]
2 /usr/lib/libc.so.6(+0x960c4) [0x76f3542b90c4]
3 /usr/lib/libgallium-24.3.4-arch1.1.so(+0x5129b7) [0x76f3515129b7]
4 /usr/lib/libgallium-24.3.4-arch1.1.so(+0x4dd558) [0x76f3514dd558]
5 /usr/lib/libgallium-24.3.4-arch1.1.so(+0x4dd5ec) [0x76f3514dd5ec]
6 /usr/lib/libc.so.6(+0x3f891) [0x76f354262891]
7 /usr/lib/libc.so.6(+0x3f95e) [0x76f35426295e]
8 maomao(+0x260de) [0x56f3131440de]
9 maomao(+0x20da9) [0x56f31313eda9]
10 maomao(+0x1b63a) [0x56f31313963a]
11 maomao(+0x1b86a) [0x56f31313986a]
12 /usr/lib/libwayland-server.so.0(wl_signal_emit_mutable+0x7e) [0x76f35461d47e]
13 /usr/lib/libwlroots.so.12(wlr_keyboard_notify_key+0x3d) [0x76f3545685f0]
14 /usr/lib/libwlroots.so.12(+0x6cbfd) [0x76f354522bfd]
15 /usr/lib/libwlroots.so.12(+0x6c6be) [0x76f3545226be]
16 /usr/lib/libwlroots.so.12(+0x6b708) [0x76f354521708]
17 /usr/lib/libwayland-server.so.0(wl_event_loop_dispatch+0x1f2) [0x76f35461f112]
18 /usr/lib/libwayland-server.so.0(wl_display_run+0x37) [0x76f3546211f7]
19 maomao(+0x1eeb2) [0x56f31313ceb2]
20 maomao(+0x25f81) [0x56f313143f81]
21 /usr/lib/libc.so.6(+0x25e08) [0x76f354248e08]
22 /usr/lib/libc.so.6(__libc_start_main+0x8c) [0x76f354248ecc]
23 maomao(+0xd605) [0x56f31312b605]
Received signal 11:
0 maomao(+0x1ff29) [0x56f31313df29]
1 /usr/lib/libc.so.6(+0x3d1d0) [0x76f3542601d0]
2 /usr/lib/libc.so.6(+0x960c4) [0x76f3542b90c4]
3 /usr/lib/libgallium-24.3.4-arch1.1.so(+0x5129b7) [0x76f3515129b7]
4 /usr/lib/libgallium-24.3.4-arch1.1.so(+0x4dd558) [0x76f3514dd558]
5 /usr/lib/libgallium-24.3.4-arch1.1.so(+0x4dd5ec) [0x76f3514dd5ec]
6 /usr/lib/libc.so.6(+0x3f891) [0x76f354262891]
7 /usr/lib/libc.so.6(+0x3f95e) [0x76f35426295e]
8 maomao(+0x260de) [0x56f3131440de]
9 maomao(+0x20da9) [0x56f31313eda9]
10 maomao(+0x1b63a) [0x56f31313963a]
11 maomao(+0x1b86a) [0x56f31313986a]
12 /usr/lib/libwayland-server.so.0(wl_signal_emit_mutable+0x7e) [0x76f35461d47e]
13 /usr/lib/libwlroots.so.12(wlr_keyboard_notify_key+0x3d) [0x76f3545685f0]
14 /usr/lib/libwlroots.so.12(+0x6cbfd) [0x76f354522bfd]
15 /usr/lib/libwlroots.so.12(+0x6c6be) [0x76f3545226be]
16 /usr/lib/libwlroots.so.12(+0x6b708) [0x76f354521708]
17 /usr/lib/libwayland-server.so.0(wl_event_loop_dispatch+0x1f2) [0x76f35461f112]
18 /usr/lib/libwayland-server.so.0(wl_display_run+0x37) [0x76f3546211f7]
19 maomao(+0x1eeb2) [0x56f31313ceb2]
20 maomao(+0x25f81) [0x56f313143f81]
21 /usr/lib/libc.so.6(+0x25e08) [0x76f354248e08]
22 /usr/lib/libc.so.6(__libc_start_main+0x8c) [0x76f354248ecc]
23 maomao(+0xd605) [0x56f31312b605]
Received signal 11:
0 maomao(+0x1ff29) [0x56f31313df29]
1 /usr/lib/libc.so.6(+0x3d1d0) [0x76f3542601d0]
2 /usr/lib/libc.so.6(+0x960c4) [0x76f3542b90c4]
3 /usr/lib/libgallium-24.3.4-arch1.1.so(+0x5129b7) [0x76f3515129b7]
4 /usr/lib/libgallium-24.3.4-arch1.1.so(+0x4dd558) [0x76f3514dd558]
5 /usr/lib/libgallium-24.3.4-arch1.1.so(+0x4dd5ec) [0x76f3514dd5ec]
6 /usr/lib/libc.so.6(+0x3f891) [0x76f354262891]
7 /usr/lib/libc.so.6(+0x3f95e) [0x76f35426295e]
8 maomao(+0x260de) [0x56f3131440de]
9 maomao(+0x20da9) [0x56f31313eda9]
10 maomao(+0x1b63a) [0x56f31313963a]
11 maomao(+0x1b86a) [0x56f31313986a]
12 /usr/lib/libwayland-server.so.0(wl_signal_emit_mutable+0x7e) [0x76f35461d47e]
13 /usr/lib/libwlroots.so.12(wlr_keyboard_notify_key+0x3d) [0x76f3545685f0]
14 /usr/lib/libwlroots.so.12(+0x6cbfd) [0x76f354522bfd]
15 /usr/lib/libwlroots.so.12(+0x6c6be) [0x76f3545226be]
16 /usr/lib/libwlroots.so.12(+0x6b708) [0x76f354521708]
17 /usr/lib/libwayland-server.so.0(wl_event_loop_dispatch+0x1f2) [0x76f35461f112]
18 /usr/lib/libwayland-server.so.0(wl_display_run+0x37) [0x76f3546211f7]
19 maomao(+0x1eeb2) [0x56f31313ceb2]
20 maomao(+0x25f81) [0x56f313143f81]
21 /usr/lib/libc.so.6(+0x25e08) [0x76f354248e08]
22 /usr/lib/libc.so.6(__libc_start_main+0x8c) [0x76f354248ecc]
23 maomao(+0xd605) [0x56f31312b605]
Received signal 11:
0 maomao(+0x1ff29) [0x64e4dd4c5f29]
1 /usr/lib/libc.so.6(+0x3d1d0) [0x7f39b205c1d0]
2 /usr/lib/libc.so.6(+0x960c4) [0x7f39b20b50c4]
3 /usr/lib/libgallium-24.3.4-arch1.1.so(+0x5129b7) [0x7f39af3129b7]
4 /usr/lib/libgallium-24.3.4-arch1.1.so(+0x4dd558) [0x7f39af2dd558]
5 /usr/lib/libgallium-24.3.4-arch1.1.so(+0x4dd5ec) [0x7f39af2dd5ec]
6 /usr/lib/libc.so.6(+0x3f891) [0x7f39b205e891]
7 /usr/lib/libc.so.6(+0x3f95e) [0x7f39b205e95e]
8 maomao(+0x260de) [0x64e4dd4cc0de]
9 maomao(+0x20da9) [0x64e4dd4c6da9]
10 maomao(+0x1b63a) [0x64e4dd4c163a]
11 maomao(+0x1b86a) [0x64e4dd4c186a]
12 /usr/lib/libwayland-server.so.0(wl_signal_emit_mutable+0x7e) [0x7f39b241947e]
13 /usr/lib/libwlroots.so.12(wlr_keyboard_notify_key+0x3d) [0x7f39b23645f0]
14 /usr/lib/libwlroots.so.12(+0x6cbfd) [0x7f39b231ebfd]
15 /usr/lib/libwlroots.so.12(+0x6c6be) [0x7f39b231e6be]
16 /usr/lib/libwlroots.so.12(+0x6b708) [0x7f39b231d708]
17 /usr/lib/libwayland-server.so.0(wl_event_loop_dispatch+0x1f2) [0x7f39b241b112]
18 /usr/lib/libwayland-server.so.0(wl_display_run+0x37) [0x7f39b241d1f7]
19 maomao(+0x1eeb2) [0x64e4dd4c4eb2]
20 maomao(+0x25f81) [0x64e4dd4cbf81]
21 /usr/lib/libc.so.6(+0x25e08) [0x7f39b2044e08]
22 /usr/lib/libc.so.6(__libc_start_main+0x8c) [0x7f39b2044ecc]
23 maomao(+0xd605) [0x64e4dd4b3605]
